5
16
55
28
76
20
100
0 80
0 60
0 15
0 93
0 42
0 67
0 10
0 53
0 7
0 71
0 57
0 12
0 68
0 9
0 91
0 82
73 81
73 31
73 40
73 37
53 35
53 68
73 64
73 83
35 95
53 27
73 34
53 72
53 73
73 89
73 75
42 3
42 51
73 45
73 62
73 80
73 77
73 1
73 41
73 78
73 2
73 17
73 63
33 34
51 74
1 37
33 37
91 51
51 69
50 95
51 4
25 75
7 13
60 31
75 11
68 94
1 51
51 3
51 63
57 66
57 13
51 75
51 89
51 90
51 8
10 45
68 46
67 13
7 19
25 66
25 3
15 39
68 59
51 52
51 13
51 59
51 46
42 67
7 3
10 22
5 51
7 56
10 51
67 30
51 49
15 51
7 60
7 67
11 95
67 45
51 21
67 26
37 26
67 1
37 51
67 51
51 61
53 93
53 95
53 90
