5
6
60
20
21
14
100
0 92
0 3
0 44
0 9
0 22
0 39
0 16
0 18
0 49
0 57
0 76
0 10
2 0
0 15
0 43
0 88
0 91
0 66
0 64
0 80
0 50
0 99
0 61
0 13
0 33
0 4
0 72
0 40
0 26
0 59
0 67
0 34
0 65
0 78
0 71
0 97
0 17
0 73
0 53
0 30
0 5
0 35
0 11
0 90
0 19
0 45
0 79
0 23
0 46
0 7
27 55
23 27
18 27
27 75
27 73
27 80
27 67
27 63
27 39
27 92
27 43
27 74
26 27
27 81
27 72
27 50
27 37
18 53
27 30
27 53
27 33
27 76
8 23
24 27
27 85
8 27
27 46
7 27
27 61
27 97
9 27
27 35
27 82
27 88
27 96
27 89
27 57
27 59
27 42
27 79
27 44
27 56
2 27
25 27
2 67
2 9
2 19
48 83
2 1
2 52
