5
70
69
17
63
29
100
0 79
0 11
0 44
0 83
0 64
0 39
0 55
0 61
0 56
0 87
28 90
30 90
0 75
0 62
87 90
0 30
0 5
0 59
0 76
0 65
0 3
0 43
0 90
0 19
0 35
0 49
54 90
0 74
0 73
0 23
0 4
0 2
0 78
34 90
65 90
0 28
0 12
0 21
0 57
0 45
0 54
0 53
0 42
2 81
0 36
0 38
72 32
0 13
0 77
0 80
0 24
34 51
0 66
81 90
32 16
0 85
0 68
0 51
0 34
0 20
0 25
16 90
0 82
0 32
21 51
0 67
0 46
0 31
0 6
58 90
61 90
0 18
0 26
33 71
0 9
0 14
0 58
0 47
0 86
0 81
0 84
89 23
89 4
89 9
89 86
89 12
89 90
89 49
89 83
89 80
89 55
89 71
89 7
89 41
89 32
89 56
89 59
89 51
89 34
89 67
