5
1
12
5
89
11
100
0 79
0 27
50 98
0 84
0 87
0 73
0 19
0 82
0 97
0 40
0 90
0 50
0 15
0 16
0 35
0 38
0 48
55 98
0 96
0 21
0 29
0 92
8 98
70 98
0 28
0 30
0 33
0 52
0 13
0 57
0 20
0 94
0 3
0 9
0 74
0 44
0 56
0 68
0 59
0 76
21 35
0 14
0 62
0 6
0 67
0 75
0 42
0 53
0 2
0 8
37 58
0 63
0 86
0 46
0 37
0 32
0 24
45 58
0 54
0 81
0 80
0 98
0 51
0 60
0 70
0 39
0 95
0 47
0 69
0 36
0 72
0 88
0 93
0 71
0 77
0 78
0 61
0 55
0 34
71 98
0 22
0 43
0 64
0 10
0 58
0 23
0 83
0 49
0 91
0 66
0 18
0 85
0 25
0 7
0 26
0 17
0 41
0 31
0 45
0 65
