5
6
44
46
20
48
100
43 98
47 98
0 4
0 24
0 9
18 26
34 45
26 45
0 3
0 7
0 5
0 2
0 39
0 19
14 45
0 59
30 45
0 89
0 29
0 49
0 69
0 79
25 4
25 28
25 64
25 84
25 32
25 24
25 34
25 2
25 14
25 30
25 94
54 10
54 30
54 35
15 14
15 22
15 42
15 12
15 4
15 92
15 72
15 2
15 32
15 30
15 52
15 62
15 94
82 32
82 31
82 16
49 56
38 45
22 45
32 33
32 7
32 31
32 40
32 16
32 43
32 21
8 45
32 57
32 71
32 75
32 96
32 93
32 65
90 14
90 37
90 23
5 64
5 42
5 84
5 18
5 24
5 36
5 14
5 34
5 10
5 40
5 12
5 30
5 70
5 60
5 80
50 4
50 3
18 45
50 7
28 45
2 16
40 84
2 9
2 18
2 12
2 37
2 33
2 62
