5
67
54
7
83
82
100
70 89
88 42
0 43
0 88
48 71
48 46
72 44
10 58
72 27
71 44
72 11
72 80
72 6
72 88
37 44
73 65
31 33
31 47
42 57
45 65
42 37
42 17
71 14
71 74
18 57
80 57
30 12
4 57
36 57
30 10
30 45
30 9
40 49
30 60
14 57
30 34
70 2
85 57
2 49
23 86
52 16
53 1
53 18
53 84
53 17
14 86
63 45
21 85
53 50
53 52
35 6
35 27
46 85
35 88
16 87
16 37
16 15
77 39
77 76
69 73
69 80
69 37
13 32
69 66
69 55
40 32
69 14
5 19
40 75
5 2
5 9
74 34
28 78
28 37
28 22
51 38
51 17
61 12
61 88
61 51
64 27
18 50
64 37
76 75
59 52
64 12
59 46
56 26
8 55
61 59
8 2
8 14
80 19
80 20
11 75
84 33
66 63
26 62
1 70
62 70
