5
8
21
10
26
49
100
0 88
0 29
0 18
0 69
0 57
0 14
0 72
53 2
0 68
0 56
0 70
0 6
47 87
0 27
0 61
0 83
0 91
0 4
0 75
0 84
0 9
0 67
0 20
0 53
0 48
0 35
0 54
0 50
0 19
0 86
0 13
0 95
0 73
0 64
0 80
55 40
55 41
55 77
55 1
55 65
55 67
13 55
55 3
20 2
55 12
55 43
55 39
55 58
55 63
55 78
14 38
14 55
56 2
19 3
54 55
19 55
55 95
35 37
35 46
55 30
55 57
55 32
55 5
55 84
35 55
9 66
55 69
70 46
84 63
67 60
70 52
75 3
2 87
31 3
86 17
52 23
44 17
74 71
56 44
73 36
61 83
36 3
52 39
29 52
45 44
31 23
66 52
83 93
47 63
73 47
54 52
52 85
36 52
45 16
22 98
33 62
48 52
62 32
62 52
47 94
