5
4
25
97
2
13
100
0 52
0 36
0 5
0 98
0 32
0 11
0 29
0 54
0 93
0 81
0 23
0 8
0 63
0 38
42 99
0 75
0 59
0 51
0 84
0 95
0 35
0 31
0 78
0 9
0 58
60 85
0 27
0 56
0 10
0 26
0 49
0 65
0 19
23 99
0 34
0 88
0 68
0 42
0 37
85 99
0 48
0 7
0 20
0 21
0 90
0 3
0 44
0 66
0 87
0 92
0 57
21 44
0 33
0 74
14 28
0 43
17 32
0 67
0 53
0 79
0 96
44 99
0 62
0 40
0 64
0 60
0 61
0 39
0 41
0 99
0 85
0 80
0 55
0 45
0 22
0 73
0 47
0 91
18 30
0 18
22 99
0 72
0 82
0 24
18 66
9 99
0 1
0 30
49 99
0 50
0 6
34 60
0 12
0 16
0 76
0 28
0 86
55 99
0 15
0 77
