4
63
76
46
50
100
0 99
0 33
16 10
0 94
0 92
0 80
0 69
0 34
0 1
0 38
0 20
0 87
0 65
78 99
0 12
0 95
0 40
0 42
0 82
0 79
38 99
1 99
0 62
90 30
0 97
0 8
0 48
0 52
41 99
35 99
74 99
70 99
58 99
69 11
88 99
0 16
0 60
11 99
10 99
0 68
0 55
0 6
0 89
0 88
0 32
0 71
0 26
96 99
30 99
0 10
0 41
0 83
0 73
0 25
0 36
0 96
0 77
93 99
0 54
0 30
0 39
28 25
0 93
0 84
0 51
0 29
49 99
0 53
0 17
42 99
0 59
0 45
0 24
0 57
0 22
0 11
0 75
0 44
0 27
0 70
0 49
0 85
3 99
0 67
0 35
0 98
0 3
0 14
0 7
0 37
44 99
0 28
0 23
0 47
0 19
0 64
0 15
0 13
0 91
0 31
