5
34
78
1
7
20
100
8 80
44 80
0 30
24 80
0 17
0 43
0 45
30 73
0 33
0 54
0 21
0 44
0 49
0 63
0 69
0 15
0 19
0 76
0 66
0 58
0 12
0 77
0 72
68 80
0 31
0 11
0 75
0 53
23 68
0 32
0 68
0 4
0 51
0 5
0 22
0 29
0 38
0 55
0 6
2 59
0 73
0 2
0 23
0 46
0 48
0 36
0 74
0 59
0 9
0 65
0 13
0 42
0 39
0 64
59 80
0 27
4 19
58 59
0 10
0 35
23 80
19 57
0 62
0 3
0 16
0 14
0 40
0 56
0 70
0 52
0 25
2 69
24 65
24 58
24 68
30 80
24 31
24 66
5 14
12 24
24 26
21 24
10 24
24 52
24 71
51 80
5 24
24 60
24 51
24 41
24 69
24 27
14 24
24 67
2 46
24 77
24 40
19 18
12 43
24 45
