5
73
95
25
6
84
100
0 99
0 8
94 99
0 1
71 32
71 1
71 34
70 36
70 79
70 41
70 47
66 8
66 28
66 86
66 96
66 63
66 56
3 68
3 11
14 76
14 53
3 79
3 44
3 60
3 37
67 99
68 99
39 99
3 14
3 51
3 16
96 64
10 99
54 34
54 29
92 99
78 46
23 22
54 86
54 30
64 99
54 83
54 26
54 65
54 19
28 11
28 82
28 10
28 29
28 90
75 97
28 48
28 22
77 98
77 79
49 5
49 27
49 40
49 59
49 89
36 53
15 99
45 7
97 99
31 35
36 80
36 39
36 85
36 55
35 7
22 64
22 81
97 72
22 47
29 35
22 57
97 31
97 29
97 67
97 41
81 32
81 41
81 2
82 7
81 33
81 1
53 76
53 11
53 33
53 90
53 51
53 57
19 2
19 63
83 7
19 23
19 85
64 75
64 89
30 7
