5
36
49
81
57
56
100
0 1
0 11
0 62
0 60
0 15
0 68
0 91
47 95
0 63
0 4
0 47
0 48
0 58
78 42
0 6
0 45
0 93
0 75
0 40
0 30
0 80
11 41
11 65
31 41
31 21
6 54
31 42
31 85
31 94
31 65
31 14
31 66
31 8
31 16
83 51
31 63
1 31
30 13
31 20
31 13
31 73
31 25
31 50
31 78
31 48
31 53
31 77
60 12
12 67
12 14
12 78
62 13
40 24
40 70
1 12
12 13
12 28
48 66
12 59
4 76
12 65
48 77
12 70
15 66
12 66
12 77
12 53
47 35
12 19
12 72
12 64
8 35
15 35
1 33
24 17
12 35
4 12
12 20
12 26
6 38
6 5
6 95
6 40
6 10
6 61
6 94
6 9
6 44
6 58
6 32
6 2
6 63
6 50
6 26
6 82
6 84
1 46
6 45
62 46
63 18
