5
32
36
57
8
9
100
0 34
0 80
0 17
0 70
0 19
0 20
0 40
0 63
0 37
0 49
0 73
0 65
0 88
0 46
0 72
0 89
0 56
0 4
0 47
0 31
0 11
33 91
0 2
41 91
0 13
0 91
0 42
0 90
0 27
18 50
12 18
13 40
40 91
18 63
64 91
18 91
50 91
0 71
0 44
16 91
0 35
0 79
0 22
0 23
0 62
0 85
0 50
0 54
0 81
0 28
0 67
0 86
0 48
0 69
0 76
0 84
0 5
0 87
0 45
0 38
0 53
0 26
0 39
0 12
0 43
0 55
0 75
0 83
0 3
0 60
0 21
0 61
0 66
0 59
0 18
0 41
0 68
0 25
0 33
0 77
0 24
0 52
0 51
0 15
0 1
0 14
0 30
0 74
0 78
7 48
0 6
0 10
0 29
7 47
0 82
7 38
11 58
0 16
0 64
0 7
