5
14
62
22
16
2
100
0 48
0 64
0 18
0 80
0 6
0 57
0 89
0 95
0 93
0 25
0 88
0 1
0 91
0 23
0 4
23 43
81 47
23 61
23 57
23 68
81 5
81 71
81 72
23 79
1 31
81 31
23 28
81 63
23 34
1 81
81 61
81 94
23 81
48 41
81 29
48 81
81 59
64 55
64 19
64 93
64 84
6 27
64 99
6 64
17 99
64 39
64 46
64 75
4 35
44 26
64 8
64 30
57 3
4 87
64 9
24 34
57 52
24 66
24 3
24 47
87 8
24 32
24 28
95 44
24 70
80 12
12 87
89 28
89 7
24 87
28 50
28 59
37 54
87 92
57 11
87 21
17 60
99 71
44 99
76 99
6 42
30 35
6 70
42 60
87 33
35 21
95 36
42 87
35 50
80 61
30 47
99 21
6 77
19 75
4 34
35 87
6 56
30 79
29 59
34 20
