5
30
44
2
13
26
100
0 47
0 63
0 67
0 56
99 33
99 5
99 94
99 20
99 65
99 78
29 39
99 39
99 23
1 80
1 8
1 37
1 29
1 79
1 51
1 71
1 53
1 66
1 48
54 33
54 74
54 94
54 43
54 14
29 46
29 38
54 4
54 55
54 83
38 68
6 56
66 57
38 28
66 7
23 32
56 57
74 96
56 32
24 61
63 10
74 68
5 90
89 28
85 28
90 56
50 56
56 84
63 35
56 8
63 56
53 12
29 50
53 56
29 77
29 45
29 88
29 12
66 23
66 3
66 61
66 67
66 16
66 18
66 78
66 4
66 50
66 83
66 48
66 84
38 35
38 18
38 69
38 33
38 49
38 45
38 34
38 67
38 89
38 86
46 96
28 46
23 28
74 17
64 68
23 5
25 14
93 98
24 68
18 98
28 68
18 14
28 96
31 16
25 96
74 5
46 87
