4
98
17
49
80
100
0 66
0 54
0 43
0 35
0 26
0 65
0 89
0 10
0 53
0 67
0 64
0 57
0 85
0 12
0 23
0 34
14 50
14 48
14 24
14 35
14 93
14 73
14 78
14 57
14 45
14 26
21 99
14 36
14 56
14 83
14 33
19 66
19 4
19 27
19 94
19 3
11 99
19 81
19 68
19 59
19 67
93 99
19 58
19 2
19 53
19 36
54 99
19 89
4 5
19 91
33 48
19 12
19 93
24 67
19 54
19 22
19 90
7 66
7 13
7 21
7 18
7 48
7 23
7 32
7 90
7 44
7 29
7 95
7 93
7 10
7 81
7 31
7 36
11 20
11 3
11 68
11 33
11 27
11 51
88 99
11 16
11 50
11 78
11 73
11 42
11 70
58 4
58 41
58 61
58 12
48 99
58 34
58 59
58 96
66 99
58 86
58 89
58 5
58 3
58 47
