5
4
1
5
2
98
100
3 55
3 30
3 9
3 35
3 33
3 16
3 41
3 48
3 54
3 34
55 95
55 59
55 70
55 62
55 96
55 73
55 81
55 97
55 83
55 85
55 75
55 88
97 99
55 64
55 61
55 58
55 78
55 77
55 72
55 68
95 99
55 94
55 66
55 71
79 88
55 57
55 67
80 96
55 56
55 92
94 99
55 87
55 80
72 96
55 93
55 69
55 76
55 65
55 82
55 63
55 74
55 86
55 91
55 89
55 79
55 60
55 90
70 83
58 96
70 94
68 84
66 73
76 84
73 96
3 7
3 8
3 10
3 24
3 6
3 52
3 14
3 32
3 39
3 11
3 20
3 40
3 27
3 12
3 42
6 55
3 13
3 31
11 55
3 51
3 22
3 47
3 18
3 23
3 43
3 49
3 29
3 15
3 21
46 55
3 19
3 26
3 50
3 37
3 46
21 55
