5
37
25
8
31
16
100
0 11
0 42
0 45
0 38
0 14
0 64
0 28
0 87
0 10
0 52
0 59
0 75
0 51
17 97
0 93
0 54
0 22
19 97
0 27
0 26
0 76
0 21
0 68
0 9
0 43
0 24
0 20
92 50
11 83
3 97
68 4
92 97
11 28
11 89
11 53
42 92
11 94
92 58
92 94
11 59
68 96
75 73
92 70
26 43
68 97
28 75
11 6
64 17
92 88
97 81
11 45
75 56
92 93
20 45
92 95
11 73
92 12
11 68
52 35
75 33
11 67
92 60
20 36
64 82
92 69
20 50
14 26
11 5
11 75
14 68
14 52
24 64
10 49
75 92
14 5
14 32
12 97
92 55
24 92
11 7
92 18
14 92
11 54
22 35
92 49
54 60
92 44
54 6
92 78
92 1
97 30
11 23
22 42
22 74
20 54
92 81
54 17
43 67
54 49
92 32
