5
52
57
69
92
8
100
0 9
0 6
0 64
0 70
0 66
0 33
0 7
0 1
0 48
0 21
0 56
0 26
0 95
0 39
0 75
0 49
0 81
0 61
0 54
22 99
0 20
0 96
0 80
0 19
0 36
0 45
0 62
0 86
35 99
3 99
0 72
0 98
59 99
76 99
0 73
88 99
75 99
0 15
0 25
0 30
0 99
0 71
0 51
25 99
89 99
16 99
4 99
38 99
47 99
0 13
0 27
0 94
0 41
0 32
0 23
13 99
0 22
54 99
0 31
0 90
11 99
15 99
65 99
34 99
0 50
0 78
0 74
97 99
0 38
0 59
0 67
0 84
0 87
6 99
84 99
0 47
0 44
0 4
0 35
0 3
0 82
0 76
0 42
0 97
0 77
0 17
0 63
39 99
0 14
0 65
0 79
0 29
0 12
0 37
0 53
0 2
0 55
0 58
0 83
0 89
