5
51
9
11
22
25
100
0 42
0 57
0 75
0 13
0 39
0 46
0 82
0 87
28 96
0 14
0 70
0 92
0 61
0 28
0 10
0 63
0 62
0 1
0 19
0 41
0 76
0 12
0 74
0 77
0 40
0 21
0 2
0 68
0 36
95 96
0 96
0 65
4 62
0 53
0 18
0 31
0 91
40 96
0 4
0 54
0 50
0 64
0 83
0 84
0 58
0 45
0 60
0 20
0 37
0 78
62 96
0 5
0 44
0 72
0 23
0 38
0 8
0 24
0 29
0 80
0 66
0 73
0 81
0 90
0 32
0 59
0 56
0 6
0 79
0 49
0 33
0 35
0 15
0 48
0 85
89 96
0 86
0 16
0 89
0 17
0 7
0 95
15 96
0 30
0 94
0 27
0 71
0 52
0 69
0 47
0 55
0 3
4 40
4 41
0 26
0 43
0 34
0 67
0 93
24 88
