4
29
76
96
58
100
0 99
0 49
0 91
75 99
0 74
67 80
0 8
0 66
0 45
0 4
0 57
0 86
0 20
12 2
56 80
0 87
0 65
0 54
0 3
0 19
92 79
92 53
92 68
92 44
92 13
92 25
70 99
92 11
92 94
92 87
92 16
92 12
19 71
2 99
72 23
19 25
19 82
19 54
23 99
19 22
19 43
63 99
19 68
19 17
19 18
19 39
91 99
79 99
10 99
41 99
48 98
95 98
19 89
19 12
4 98
97 98
19 85
7 71
89 78
32 17
19 87
19 53
33 98
80 57
80 84
71 98
80 39
80 70
80 25
80 79
80 12
15 46
27 98
15 68
16 98
82 98
20 98
15 16
79 10
15 17
15 54
16 10
15 47
15 13
15 35
15 51
31 10
15 11
73 63
15 20
15 30
86 84
86 71
86 2
86 39
86 4
86 62
86 37
86 49
44 69
