5
7
37
36
89
82
90
0 22
0 3
1 63
1 5
1 22
1 4
1 26
13 28
1 2
77 96
92 14
92 46
92 3
85 57
45 70
28 57
92 50
25 54
70 57
33 57
15 21
34 12
15 58
15 45
14 4
8 5
10 75
5 12
19 6
22 41
14 55
80 75
18 22
6 4
53 30
19 41
29 43
49 38
48 88
18 19
18 81
45 31
45 76
45 55
95 56
53 50
53 21
53 40
13 24
13 68
59 88
72 87
13 42
50 87
23 62
17 73
17 11
47 46
63 21
67 42
50 79
91 84
46 93
63 80
63 62
72 98
72 73
46 85
69 93
46 91
65 55
32 29
80 85
20 51
10 49
6 29
6 69
33 8
33 39
48 76
48 67
98 50
8 27
94 22
74 56
19 56
22 81
22 40
22 31
96 49
