5
26
14
33
54
56
100
0 94
0 46
0 30
0 61
0 36
0 82
0 63
0 89
0 53
0 11
0 24
0 86
0 84
0 67
0 34
24 44
86 88
63 64
88 13
88 6
30 44
88 44
88 15
67 88
34 20
88 95
88 31
88 55
34 88
63 77
24 52
84 77
88 48
86 43
24 1
88 74
24 46
88 78
63 51
82 32
63 87
88 92
88 81
82 52
88 91
24 72
82 66
84 43
88 21
88 94
88 43
24 87
82 38
82 88
24 58
24 22
24 96
24 59
24 51
24 84
24 43
24 6
24 76
1 42
24 10
24 64
24 55
24 34
24 21
42 95
6 32
72 7
7 93
7 21
84 59
7 64
84 15
7 48
84 58
7 95
7 19
86 87
25 12
32 96
96 52
89 7
86 38
86 96
7 23
67 48
7 79
53 7
3 69
7 13
67 7
91 7
2 7
96 48
22 7
67 62
