5
1
2
3
4
5
100
0 91
0 12
0 33
0 70
0 44
0 20
0 79
0 89
0 26
0 42
0 74
0 21
0 71
0 67
0 45
0 76
0 78
0 29
0 80
0 58
17 74
0 43
0 75
0 30
0 17
0 47
0 15
0 81
0 63
0 62
0 27
0 38
0 49
0 61
0 68
0 66
0 24
0 52
0 88
0 13
0 34
0 86
0 28
0 32
0 50
0 60
0 48
0 54
0 84
0 39
0 14
0 19
0 41
0 37
0 6
0 77
0 11
0 18
0 72
0 46
0 87
0 10
0 56
0 82
0 65
0 23
0 31
0 64
0 51
0 59
0 73
0 16
0 57
0 53
0 69
0 35
13 91
0 25
0 22
0 83
0 36
0 90
0 9
0 7
0 85
29 91
0 40
0 55
8 75
8 43
8 25
74 91
8 57
8 26
6 8
8 47
8 74
8 83
8 30
8 49
