5
19
42
4
23
65
100
0 57
0 10
0 69
0 84
0 20
0 95
0 79
0 45
0 17
0 46
0 75
0 28
0 51
0 71
0 6
0 82
0 16
95 33
0 47
0 68
0 40
15 50
24 32
15 76
15 75
15 32
15 60
15 36
15 90
15 54
10 44
18 60
15 44
15 20
15 62
15 12
15 49
15 95
15 66
15 89
15 72
15 56
6 8
6 12
15 53
15 85
6 15
15 18
15 27
15 5
15 28
15 88
15 31
15 68
15 40
69 60
18 97
2 97
32 12
8 33
69 97
95 49
32 60
95 59
30 70
59 97
97 87
24 74
71 32
97 9
97 38
97 14
45 26
32 30
75 27
79 7
97 30
1 32
24 97
56 34
32 87
85 36
32 9
90 38
17 51
32 55
32 77
95 86
17 12
45 85
97 3
70 74
32 43
62 89
58 34
16 85
62 33
28 47
40 41
51 7
