5
24
1
2
3
4
100
0 94
0 52
0 35
0 25
0 61
0 83
13 94
0 33
0 76
0 14
77 79
0 70
0 42
0 72
0 34
0 56
0 80
0 39
0 43
0 69
0 17
0 79
0 8
0 40
0 48
0 49
0 21
0 36
0 66
0 31
0 28
85 94
0 37
0 38
0 9
0 11
0 86
0 65
0 55
61 94
0 60
0 18
0 54
8 44
0 81
44 94
0 57
0 45
0 26
0 84
0 64
0 92
0 6
0 90
0 75
0 7
77 94
0 93
0 71
39 90
12 53
0 82
89 94
0 85
33 39
0 23
0 44
0 22
5 8
0 50
0 53
0 47
0 12
0 19
0 58
0 91
39 94
0 63
0 67
0 10
0 29
0 68
0 78
0 62
0 77
5 59
0 89
5 32
0 41
0 20
0 27
0 16
0 46
0 59
0 73
0 5
0 32
0 51
0 13
0 87
