5
25
1
2
3
4
100
0 99
75 99
0 91
0 24
0 19
32 39
0 13
0 23
75 51
0 22
39 46
95 99
47 51
75 55
75 59
0 15
61 63
0 16
31 33
0 8
49 53
43 45
75 63
53 60
39 43
75 49
75 47
48 56
47 49
75 67
75 45
75 37
44 50
75 60
75 41
75 33
75 64
75 71
60 64
75 56
56 60
33 41
37 45
0 12
0 6
0 5
0 7
0 9
0 10
0 11
0 14
0 17
0 18
0 20
21 75
17 75
21 31
21 42
17 18
17 34
13 75
13 24
13 19
13 26
9 75
9 18
9 15
5 75
10 75
10 20
6 75
10 16
6 10
14 75
14 20
7 75
14 28
14 24
14 15
14 18
11 75
11 22
15 75
15 38
15 82
15 30
15 19
8 75
15 18
8 16
12 75
12 24
12 16
12 18
6 31
75 34
19 75
75 30
75 32
75 36
