5
1
4
2
6
8
100
7 10
7 9
7 12
11 16
11 15
11 13
11 14
5 10
5 9
12 16
12 15
12 13
14 17
14 19
14 18
14 20
10 14
9 16
9 15
13 17
13 19
23 28
39 44
36 38
23 27
13 18
13 20
10 16
15 17
15 19
15 20
18 21
18 22
18 24
18 23
16 17
16 20
19 24
19 22
19 23
21 28
21 27
21 26
21 25
17 21
20 22
20 24
23 26
23 25
17 22
24 28
24 27
24 25
26 32
26 31
26 30
26 29
22 27
22 25
28 30
28 29
28 31
32 33
32 36
32 34
32 35
27 31
27 30
27 29
36 40
25 30
25 29
31 34
31 36
38 41
31 33
43 45
35 38
35 39
35 37
35 40
29 35
30 34
30 36
33 40
33 39
33 37
33 38
29 36
34 39
34 40
34 38
37 41
37 42
37 43
37 44
39 43
39 41
42 46
42 47
