5
63
1
2
3
4
86
0 61
53 61
54 58
7 61
58 61
52 61
5 6
7 8
58 65
55 61
60 65
65 61
65 62
59 65
57 58
57 62
57 61
53 62
53 54
49 62
49 61
45 49
50 62
50 51
50 61
46 50
54 61
54 62
55 62
52 56
55 56
55 59
51 52
51 62
47 51
5 61
6 10
9 10
56 61
11 61
9 61
59 61
8 61
6 61
10 61
12 61
60 62
56 60
59 62
5 9
6 7
7 11
8 12
9 13
10 14
10 11
11 15
11 12
12 16
13 17
14 18
15 19
17 21
18 22
19 23
21 25
22 26
23 27
24 29
25 29
26 30
27 31
29 33
30 34
31 35
33 37
33 34
34 38
35 39
37 41
38 42
39 43
39 41
41 45
42 46
43 47
