5
1
2
3
5
6
100
0 99
0 59
0 65
0 38
0 71
0 63
0 48
0 94
0 27
0 9
0 12
0 60
0 41
0 31
0 16
0 98
0 67
0 23
0 91
0 19
0 15
0 80
0 73
0 14
0 86
0 18
0 33
0 44
0 82
0 85
0 40
0 45
0 39
0 32
0 64
0 21
0 90
0 68
0 20
0 66
0 8
0 34
0 49
0 96
0 46
0 51
0 61
0 89
0 77
0 54
0 22
0 47
0 50
0 36
0 55
0 72
0 35
0 81
0 57
0 43
0 30
0 70
0 26
0 69
0 62
59 76
76 28
8 76
76 75
20 76
73 76
21 76
76 52
9 76
76 25
49 76
16 76
76 96
41 76
48 76
76 90
14 76
23 76
76 97
76 42
46 76
76 4
67 76
76 58
76 87
76 98
45 76
76 29
40 76
27 76
76 80
60 76
64 76
76 85
76 93
