5
2
14
65
48
58
100
26 54
0 68
0 61
0 19
0 44
0 82
0 62
0 8
0 66
0 76
26 94
0 79
0 93
0 59
0 85
0 40
0 15
0 90
0 5
0 49
0 81
0 29
0 67
13 94
0 87
0 64
0 51
16 94
33 80
0 69
0 55
0 6
9 80
0 20
0 53
0 56
0 57
0 70
0 18
0 83
0 72
0 26
0 78
0 34
0 10
0 63
0 92
0 42
0 77
0 28
0 35
0 46
0 1
0 38
0 30
0 3
0 52
0 25
0 9
0 21
0 24
0 71
0 16
0 60
0 32
0 74
0 84
0 31
0 50
22 94
0 12
0 88
0 45
0 41
0 80
0 94
0 73
0 86
0 43
0 37
0 54
0 7
0 91
0 23
0 75
0 36
56 94
0 27
0 4
0 39
0 33
0 47
0 22
0 13
0 89
0 17
9 11
11 54
11 77
91 94
