5
12
13
51
4
14
100
0 6
0 49
37 74
42 74
0 74
0 24
0 16
0 46
0 66
0 9
0 20
0 48
48 73
0 67
57 74
0 33
0 52
0 64
20 74
0 73
73 74
0 28
25 74
0 42
0 58
0 10
0 1
0 27
0 70
0 32
0 63
0 22
0 30
0 38
0 56
0 72
0 65
0 15
0 59
0 34
0 45
0 62
0 43
0 31
0 18
0 69
0 55
0 37
0 5
0 23
0 29
0 61
0 17
0 19
0 40
39 74
0 60
0 3
0 47
0 54
0 44
0 50
0 71
0 8
18 74
0 7
0 25
0 39
0 36
0 57
0 11
0 35
0 2
0 26
0 21
0 41
0 68
37 53
3 53
1 53
15 32
19 53
2 34
46 53
2 53
49 67
53 67
33 53
9 53
24 71
24 53
30 42
2 26
53 59
2 62
44 49
53 62
42 49
23 53
42 53
