2
60
55
100
14 99
0 50
26 49
75 99
0 31
0 14
0 26
0 41
0 70
0 68
0 5
0 4
0 46
0 45
63 11
0 13
0 48
0 87
0 63
0 7
0 39
0 85
44 99
0 73
0 56
0 97
0 19
0 80
0 6
0 79
0 9
0 59
0 54
0 33
0 84
0 22
49 99
0 92
0 72
43 28
43 88
11 99
43 25
43 64
43 15
35 99
85 4
43 33
43 6
43 47
43 21
43 40
4 99
43 45
43 95
7 99
86 99
43 69
43 24
43 41
43 14
43 12
43 86
93 99
43 92
94 99
43 39
43 4
43 38
43 79
43 56
43 1
43 27
43 94
43 72
43 8
43 9
43 18
43 13
77 99
80 99
43 77
43 76
43 20
9 99
70 99
87 99
42 99
43 63
71 23
71 4
71 15
16 88
92 99
71 7
71 34
71 12
71 24
71 36
71 10
