5
35
24
9
47
94
100
0 57
0 50
0 61
0 75
0 28
0 46
0 96
43 99
0 74
0 81
0 95
0 43
0 91
0 15
0 51
0 76
0 72
41 17
41 54
41 83
41 78
41 86
41 12
41 60
41 63
41 69
41 49
41 71
41 21
28 55
28 33
33 87
33 44
27 33
33 19
33 78
33 55
33 80
43 18
33 10
33 68
27 64
46 16
33 82
33 93
51 18
33 64
75 53
33 49
18 2
33 25
18 33
33 73
33 36
22 26
22 55
61 76
51 5
76 8
22 60
76 22
51 22
1 66
22 66
22 58
22 38
17 22
22 31
22 83
22 90
22 39
22 45
74 22
22 89
2 20
31 2
96 16
96 79
96 39
78 67
2 6
34 85
86 2
96 2
2 82
61 2
46 2
34 60
2 65
43 2
34 10
34 25
78 69
76 2
2 25
98 92
66 99
86 59
69 2
69 67
