5
41
18
98
7
40
89
58 99
78 99
64 99
84 85
84 19
84 39
38 73
38 67
8 83
38 92
38 97
68 63
68 45
96 31
68 44
77 88
77 4
70 31
77 8
94 39
24 37
90 31
45 56
28 55
28 62
70 93
83 82
25 4
53 78
71 63
21 30
56 37
50 63
73 56
52 78
13 34
13 67
27 50
1 22
10 20
11 72
49 54
91 69
71 96
5 87
64 33
71 90
80 33
61 16
61 21
61 51
12 17
12 51
12 54
76 79
76 85
47 11
46 97
44 8
45 23
51 2
57 78
74 29
90 29
97 59
74 39
97 60
3 32
19 97
3 34
43 45
24 42
91 8
15 10
91 5
15 11
15 24
2 62
65 24
64 32
46 44
64 57
64 86
62 16
74 32
1 35
17 34
70 83
53 14
