5
51
84
22
79
67
84
0 37
72 95
77 95
0 65
45 42
78 7
78 75
3 85
8 82
29 82
26 70
26 86
60 63
60 64
66 73
38 34
72 49
74 56
74 86
94 15
94 27
13 2
13 90
91 17
91 30
76 31
76 96
4 47
64 36
33 65
8 27
41 44
41 87
92 50
92 52
16 4
36 19
32 77
18 6
32 62
59 6
83 28
83 23
73 88
18 47
61 86
89 6
61 59
49 96
63 68
31 98
48 88
54 20
7 29
48 30
44 98
5 43
5 12
89 14
17 12
52 15
42 53
90 43
53 28
14 19
39 69
81 56
81 23
21 57
3 19
24 88
25 20
75 80
71 46
80 58
9 10
9 23
69 57
1 58
70 40
11 55
68 25
55 70
71 10
