5
1
2
3
4
5
100
0 99
0 39
0 29
0 71
0 43
0 14
0 23
0 18
0 69
0 42
0 37
0 89
0 58
0 63
0 79
0 27
0 35
0 65
0 25
0 53
0 16
0 33
0 61
0 83
0 31
0 7
0 93
0 98
0 15
0 50
0 49
0 67
0 92
0 78
0 59
0 68
0 24
0 13
0 60
0 72
0 96
80 99
0 12
0 74
0 55
0 73
0 62
0 41
0 86
0 28
0 22
0 8
0 46
0 64
0 6
0 56
0 34
0 88
0 81
0 75
0 30
0 90
0 21
0 9
0 95
0 80
0 40
0 47
0 51
0 52
0 36
0 84
0 44
0 85
0 38
0 76
0 11
0 10
76 99
0 57
25 36
0 87
86 96
0 45
0 20
0 17
0 82
0 97
0 94
0 77
0 19
0 54
0 26
0 48
0 91
0 32
0 70
7 65
15 25
65 66
