5
83
11
26
39
22
100
0 31
0 62
0 63
0 24
0 37
31 95
0 13
0 58
61 95
0 50
0 53
0 69
0 3
0 9
0 89
0 90
52 95
62 95
0 78
0 74
0 76
0 48
0 5
0 73
0 85
70 95
0 14
0 52
6 8
8 81
57 95
3 95
64 95
0 12
0 8
0 92
0 68
0 19
0 45
0 15
0 49
0 38
0 59
0 95
0 40
0 57
0 91
0 70
16 95
0 88
41 74
0 23
0 28
0 71
0 54
44 95
0 41
0 72
4 44
0 84
0 94
0 21
0 44
0 87
0 56
4 85
0 18
0 43
0 35
0 17
0 4
0 32
0 86
0 47
0 7
0 36
0 67
0 75
0 34
0 55
0 66
0 82
0 46
0 77
0 60
0 79
0 20
0 16
0 6
0 2
0 25
0 81
0 80
0 27
0 29
0 33
0 30
0 65
0 93
0 64
