5
35
93
62
6
53
100
0 26
0 67
72 9
22 51
22 77
59 88
59 21
59 51
61 50
13 99
61 73
28 70
61 11
61 52
61 94
33 37
88 34
95 17
61 46
88 42
56 19
87 79
56 80
56 10
56 66
56 30
92 37
12 17
32 26
32 48
32 41
32 77
54 19
78 44
18 25
29 55
15 19
29 30
46 80
46 33
46 66
8 81
60 94
92 39
87 2
87 85
87 73
87 42
87 69
30 77
30 34
66 49
66 47
13 33
55 7
55 14
76 19
47 88
47 21
54 36
47 58
47 77
54 33
47 63
9 42
9 15
54 83
54 28
52 63
44 85
5 19
44 71
44 92
36 39
1 33
34 73
44 26
84 20
58 64
50 69
84 38
84 48
51 64
42 89
42 90
3 40
49 78
49 91
38 94
43 4
43 12
43 45
65 41
1 7
1 98
51 15
57 20
76 28
81 4
95 11
