5
86
19
57
25
50
100
0 7
0 34
0 30
0 46
0 9
35 92
0 8
0 35
49 99
0 33
0 17
0 43
32 79
0 28
0 44
0 95
0 97
0 29
0 5
0 81
0 85
0 80
0 52
0 65
0 62
0 69
0 53
0 23
0 1
0 89
0 83
0 6
66 93
0 64
0 37
0 18
0 32
0 77
0 42
0 71
0 49
0 98
0 54
0 12
11 99
0 73
0 76
79 99
0 48
93 99
0 36
0 47
0 58
0 59
0 21
0 96
0 88
26 99
82 99
0 66
0 45
0 3
0 84
22 99
87 15
32 62
0 87
0 40
0 27
0 56
0 82
0 60
62 99
0 13
0 15
0 72
91 82
58 99
13 99
69 99
63 99
64 99
56 99
91 23
91 98
91 36
91 37
91 64
91 58
91 85
91 13
68 99
91 40
91 66
75 99
30 99
23 99
90 99
91 84
91 21
