5
20
62
13
34
35
100
0 51
4 79
0 15
24 79
65 79
28 79
0 17
14 79
47 79
0 64
0 60
54 79
0 37
0 72
0 27
0 44
0 14
0 69
0 26
0 9
0 10
0 66
0 43
0 1
0 73
0 36
78 79
0 38
53 70
53 77
8 79
53 5
31 41
53 15
2 7
3 14
53 69
53 48
53 1
53 23
53 38
53 31
53 30
53 57
53 49
53 29
53 71
53 73
53 63
7 79
53 8
53 74
53 56
53 36
53 17
53 68
53 47
22 11
22 61
16 41
22 5
22 46
22 72
27 79
22 57
41 79
22 19
22 51
22 39
22 78
22 54
22 67
42 33
22 16
22 59
22 10
22 56
22 38
22 1
22 40
71 63
71 79
71 36
71 42
71 78
71 39
71 11
71 45
71 14
71 24
71 50
71 51
71 25
71 58
71 64
71 6
71 26
71 21
71 8
15 57
