5
2
3
6
7
11
81
8 9
10 12
10 13
12 15
12 14
13 16
13 15
14 17
14 16
15 18
15 17
16 19
16 18
17 18
17 19
20 22
20 23
20 21
19 20
18 21
19 22
21 24
21 22
22 23
23 26
23 25
24 27
24 25
24 26
25 27
25 26
28 30
28 31
28 29
27 28
26 29
27 30
29 31
29 32
30 33
30 31
32 33
32 34
31 32
34 35
35 38
35 36
42 44
31 33
35 37
33 36
34 36
37 40
37 38
37 39
36 38
39 42
39 41
38 39
40 42
40 43
40 41
41 43
41 44
42 43
45 47
45 48
44 45
45 46
43 44
46 49
46 47
46 48
47 50
47 48
49 52
49 50
49 51
48 50
51 52
50 53
