5
87
1
18
76
7
100
0 99
0 53
0 90
99 52
0 72
0 80
0 30
0 12
0 79
0 8
99 6
0 70
0 24
0 82
0 66
0 20
99 92
99 36
0 34
0 49
0 19
0 10
99 45
0 85
0 93
0 61
99 44
0 48
0 33
0 56
0 3
0 83
0 38
0 26
99 95
0 69
78 60
0 21
0 89
64 99
99 34
78 99
0 81
0 57
0 58
0 40
0 16
0 52
0 46
0 27
0 43
0 23
0 88
0 86
0 77
0 50
0 6
0 45
0 95
0 22
0 25
0 91
0 98
0 29
0 41
0 71
0 92
0 17
0 97
0 59
0 62
0 35
0 39
0 74
0 5
0 9
0 84
0 94
0 37
0 42
0 13
0 44
0 51
0 32
0 2
0 55
0 60
0 11
0 67
0 36
0 31
0 54
0 75
0 14
0 4
0 68
0 78
0 64
0 28
0 47
