5
14
21
55
1
2
100
0 73
0 33
0 39
5 73
0 56
0 27
0 15
0 32
7 56
0 24
0 50
0 41
0 70
0 3
0 31
0 53
0 52
0 68
0 10
0 48
69 73
0 4
0 71
0 35
0 51
0 60
0 20
0 54
0 17
0 64
0 36
0 8
0 19
0 61
0 69
0 25
0 66
58 73
0 46
0 44
0 29
0 58
0 40
7 33
7 73
0 23
0 45
0 11
0 63
3 49
0 42
0 65
0 37
0 43
0 47
0 38
0 34
0 13
0 57
0 67
0 7
0 26
0 6
0 9
0 16
0 18
0 72
0 62
0 5
0 28
0 59
0 30
0 49
0 12
20 69
22 34
22 48
3 22
68 73
10 62
13 57
3 58
16 22
5 22
6 22
20 57
22 70
3 67
13 63
20 22
22 25
22 63
22 46
22 56
20 29
20 44
71 73
20 31
22 44
18 20
