5
88
81
1
11
12
100
0 14
0 82
0 21
0 28
0 83
0 72
0 69
0 20
0 74
0 57
0 65
0 34
0 75
0 62
0 47
0 18
0 87
0 53
0 97
0 85
0 15
0 24
0 55
0 19
20 99
0 36
0 68
0 92
0 80
0 6
0 33
0 56
0 70
66 99
0 43
0 94
0 22
0 10
0 42
0 31
23 99
0 90
77 99
0 51
17 36
17 90
17 48
6 17
17 74
17 46
17 67
35 99
17 79
53 99
17 78
17 8
17 72
17 94
17 37
19 74
17 33
17 54
17 32
15 52
89 99
17 52
36 99
17 57
17 86
17 76
95 37
17 43
17 75
17 62
17 73
17 35
17 77
10 58
17 89
17 9
17 16
17 85
17 38
17 93
17 92
17 29
17 30
17 3
17 18
17 24
17 45
14 8
10 17
14 17
21 16
23 3
23 30
21 23
23 52
51 38
