5
26
69
42
24
49
100
0 17
0 28
0 44
73 99
28 99
78 99
0 89
92 38
44 99
0 47
0 12
0 92
0 9
0 29
0 81
0 48
0 52
0 56
0 95
0 13
0 78
0 3
0 38
0 1
0 45
0 2
0 99
0 51
0 65
0 79
0 27
25 99
0 91
0 73
0 70
0 80
0 98
0 35
0 36
68 99
0 74
0 16
0 60
0 68
38 99
39 12
27 99
0 82
0 64
0 41
11 99
55 99
0 58
0 75
0 67
0 37
0 66
0 72
0 71
0 87
0 22
0 14
0 31
0 85
0 25
0 4
0 6
0 86
0 5
0 93
0 46
0 54
0 62
0 43
0 30
61 86
61 17
61 51
61 71
61 81
61 11
61 87
74 52
61 79
61 39
61 33
61 27
71 89
61 38
61 34
61 30
61 89
84 22
61 91
61 48
61 31
52 97
29 99
61 84
61 41
