5
32
38
20
26
41
100
0 28
0 17
0 10
0 7
0 43
0 34
0 16
0 18
0 27
0 31
0 11
0 19
0 37
0 25
0 23
0 29
0 14
0 6
0 9
0 5
0 8
0 13
0 4
0 2
0 1
3 43
3 7
3 15
3 31
3 37
3 44
3 17
3 11
3 27
3 16
3 6
3 19
3 14
3 34
3 10
3 51
3 29
3 23
3 12
3 4
3 8
3 5
2 3
1 3
13 40
13 44
13 15
13 48
13 35
13 59
13 29
13 49
13 54
13 17
13 18
10 13
13 46
13 19
13 23
6 13
13 28
13 22
13 34
7 13
13 37
13 45
13 25
13 16
13 14
13 42
13 33
13 31
11 13
13 24
9 13
13 12
1 13
2 13
5 13
8 13
4 46
4 45
4 49
4 7
4 24
4 47
4 34
4 18
4 15
4 6
4 17
4 14
4 29
4 11
4 30
