5
16
14
5
38
33
100
0 99
0 70
0 74
0 21
0 79
98 99
0 66
0 48
0 61
53 70
0 23
0 12
0 78
0 95
60 99
0 69
53 99
0 4
0 62
0 68
0 98
0 81
0 17
0 58
37 99
63 99
0 80
21 99
0 39
0 92
23 99
87 99
0 63
0 96
0 37
28 99
65 99
0 8
0 75
0 47
0 89
29 99
0 2
0 22
0 49
0 87
88 99
0 64
0 91
11 70
0 29
0 20
0 32
0 65
0 88
0 6
0 9
0 19
9 44
0 59
93 99
0 43
0 35
0 53
0 26
0 44
0 55
0 40
0 11
0 86
0 56
0 7
0 85
0 72
0 10
41 99
0 97
0 54
0 73
0 3
13 83
13 99
0 60
0 36
0 84
0 25
0 76
0 82
0 93
59 99
0 18
0 52
0 41
0 34
0 77
0 83
0 45
0 51
0 57
0 67
