5
30
44
32
37
48
100
0 35
0 76
0 46
0 41
0 90
0 79
0 10
0 72
0 45
0 57
0 68
0 16
0 82
0 69
0 78
0 53
0 14
0 83
76 93
50 93
0 54
0 88
0 6
34 93
0 52
0 20
0 22
0 65
0 8
0 71
0 7
0 51
0 26
0 59
0 86
47 93
0 36
0 5
0 1
0 39
0 66
0 24
0 18
89 93
0 19
0 87
0 27
0 67
0 70
0 40
0 81
83 93
29 93
0 21
0 75
0 93
0 92
0 3
0 34
0 11
0 17
0 60
13 87
0 49
0 50
0 56
90 93
0 9
0 73
0 91
13 59
0 28
0 2
0 31
0 38
0 62
0 77
0 63
0 33
0 23
0 29
0 61
0 43
0 58
0 47
0 64
55 93
0 13
0 80
0 74
0 4
0 12
0 89
0 15
0 25
0 84
0 85
0 42
53 55
26 55
