5
18
8
46
50
32
100
0 71
0 84
0 13
0 4
0 48
0 74
0 99
0 85
0 58
0 60
95 99
0 52
0 94
88 99
0 43
0 40
0 89
0 87
0 73
0 59
0 95
60 99
0 39
0 27
86 99
0 35
0 82
0 55
0 65
64 99
0 41
0 9
0 21
10 99
0 19
0 83
40 66
0 68
0 34
0 56
0 63
0 77
0 11
0 75
0 54
0 26
0 64
0 86
0 62
0 79
0 81
23 99
66 99
0 70
0 90
0 37
0 69
0 25
0 93
0 2
0 57
0 92
0 49
0 42
0 29
0 76
13 99
56 99
0 12
68 99
0 24
0 53
0 1
0 3
0 17
0 14
0 36
0 16
0 51
0 28
0 72
0 15
0 97
37 45
0 66
0 7
0 80
0 96
0 23
0 5
0 22
0 33
0 88
0 20
0 91
0 98
0 31
0 47
85 99
37 99
