5
58
41
28
39
52
100
0 71
0 45
0 73
0 35
0 10
0 34
0 38
0 7
0 18
0 6
0 31
0 60
0 37
0 57
0 3
0 11
0 47
0 69
0 65
6 48
45 48
11 33
48 91
48 36
48 29
48 53
11 48
48 46
48 60
11 21
34 23
34 62
48 9
48 54
48 78
48 85
48 16
48 89
48 69
48 24
48 15
48 13
67 53
67 43
18 67
45 67
27 66
1 19
16 67
69 43
27 93
32 63
7 43
82 93
4 24
38 14
71 23
45 69
57 69
34 78
3 62
4 32
69 20
19 15
67 66
19 25
11 93
73 21
53 93
17 85
51 32
51 43
63 67
24 43
67 78
67 75
24 59
64 24
2 72
2 24
24 46
24 32
88 16
16 24
24 67
19 40
32 9
2 40
56 33
6 19
4 67
57 67
73 20
91 21
2 8
80 14
31 14
91 33
31 37
40 67
