5
88
70
26
18
7
100
0 14
65 99
0 68
36 99
0 59
30 99
0 5
67 87
0 66
21 9
0 89
15 99
0 42
66 99
0 11
9 99
79 87
0 58
0 17
0 45
25 12
77 40
25 74
25 98
25 24
25 43
8 87
25 96
25 59
25 79
25 63
2 96
2 6
2 91
19 87
2 5
47 32
89 87
2 41
2 36
47 12
47 27
47 39
47 44
47 16
47 1
47 78
47 48
73 76
73 72
73 75
73 77
73 94
73 60
73 55
42 32
73 10
73 44
73 15
46 87
73 54
73 84
82 87
32 87
82 35
97 57
97 80
97 82
97 48
8 12
97 69
97 93
97 75
17 95
17 86
17 67
35 87
17 31
17 50
17 30
17 52
17 34
17 96
44 41
44 19
44 28
44 48
44 81
51 91
51 37
51 13
51 98
51 50
63 87
77 59
55 87
12 87
98 59
51 8
69 59
