5
12
73
61
78
62
100
0 86
0 11
0 13
0 71
0 94
99 81
99 76
99 17
56 49
99 31
99 34
56 74
56 21
99 38
56 17
56 46
1 56
1 58
1 27
1 10
72 35
10 4
72 15
72 23
72 92
72 53
72 13
72 69
10 50
10 15
72 98
95 51
95 68
95 54
95 60
43 81
43 24
7 43
43 40
58 5
43 18
43 34
5 96
5 67
36 21
25 74
25 5
21 46
21 33
21 52
21 54
21 88
7 86
66 9
86 48
19 22
86 38
66 52
66 47
86 31
86 9
86 89
86 59
7 23
23 86
86 39
65 45
6 19
65 17
71 64
19 86
65 90
3 6
3 65
19 64
97 79
19 91
67 16
97 80
97 60
4 66
96 52
53 52
97 51
97 87
29 48
60 16
59 30
7 44
29 30
98 52
98 49
25 90
7 80
58 22
11 30
85 60
13 75
18 98
75 45
