5
1
26
14
4
3
100
0 89
0 67
0 50
0 61
0 16
0 81
0 88
0 68
0 85
0 90
0 25
0 36
0 93
0 20
0 34
64 99
0 12
0 24
0 65
0 51
0 92
0 76
0 94
0 19
0 40
12 99
0 54
58 99
82 99
0 18
0 29
0 78
0 64
0 28
0 84
0 44
0 91
63 99
0 35
0 73
0 10
0 71
0 82
0 60
0 79
0 27
0 41
0 48
0 95
0 38
0 66
0 5
0 39
0 74
0 2
0 98
0 30
0 59
0 99
0 42
0 55
0 46
0 53
0 87
0 8
0 32
0 58
0 23
0 70
85 99
0 22
0 97
0 11
0 52
0 56
0 17
0 86
0 37
0 47
0 9
0 21
0 57
0 62
0 31
0 63
0 75
0 33
31 71
0 7
0 6
0 69
0 15
0 80
0 13
0 43
0 72
0 96
68 99
0 77
0 45
