5
77
22
25
15
76
100
0 98
0 30
0 80
0 68
3 18
0 6
0 19
0 20
0 81
0 10
0 71
74 99
18 99
0 90
0 8
0 3
0 70
0 69
0 28
0 7
0 78
0 85
0 94
0 2
0 23
0 84
7 14
0 91
7 19
14 95
0 9
0 73
91 99
7 99
14 21
0 86
14 83
14 40
0 97
0 14
0 87
0 67
0 11
0 29
0 4
0 74
0 34
96 99
0 21
21 96
0 83
0 75
0 27
0 79
0 72
0 96
0 18
0 33
0 92
0 88
0 82
0 5
0 17
19 95
0 31
0 26
0 16
0 32
0 93
0 13
0 12
0 95
0 24
0 89
26 46
57 68
66 68
66 78
55 66
73 99
21 99
66 72
6 88
56 66
13 79
66 99
26 59
95 99
9 13
13 84
31 37
5 88
9 28
28 44
6 81
33 64
33 66
13 92
28 99
66 83
