5
13
16
9
36
44
100
0 2
0 21
0 50
22 57
22 14
22 35
22 40
22 59
22 11
22 15
22 56
22 17
22 42
22 31
22 27
22 46
22 6
22 18
22 51
22 55
22 4
22 20
22 54
22 3
22 32
22 33
22 34
22 8
22 58
22 45
22 7
22 28
22 10
22 25
22 48
21 22
22 12
22 24
22 39
22 38
22 30
22 50
22 26
22 37
22 49
22 29
22 52
22 43
22 19
22 47
2 22
22 53
22 41
22 5
22 23
1 35
1 57
1 14
1 40
1 59
1 11
1 15
1 7
1 42
1 30
1 51
1 45
1 10
1 17
50 1
1 20
1 12
1 27
1 5
21 1
1 34
1 6
1 55
1 31
1 56
1 19
1 26
1 25
1 3
1 49
1 58
1 8
1 23
1 38
1 37
2 1
1 33
1 18
1 43
1 46
1 32
1 24
1 53
1 39
1 48
