5
54
59
67
2
22
100
0 98
0 56
0 25
0 16
0 37
57 98
0 42
0 66
9 36
3 98
15 87
0 86
36 98
31 25
0 71
0 1
0 47
25 98
0 81
0 17
52 42
9 98
0 10
0 65
42 98
61 98
41 98
66 98
0 41
13 6
0 72
23 98
0 9
0 84
0 97
0 26
0 4
0 58
0 57
0 60
37 98
0 51
0 94
24 98
5 98
0 61
0 13
0 96
91 50
60 98
0 49
9 21
35 17
50 98
0 48
0 39
17 98
21 98
0 24
0 85
73 24
85 62
19 84
15 62
0 52
94 21
24 62
0 80
0 19
26 62
0 14
0 79
9 73
0 92
21 62
91 62
0 12
0 23
0 78
0 68
9 10
58 62
71 62
9 42
9 37
16 81
0 93
58 37
0 64
0 90
0 28
0 31
0 6
9 61
0 89
0 18
0 83
0 87
0 35
0 55
