5
11
1
21
31
41
100
50 60
51 61
51 52
51 42
60 61
70 80
61 70
71 62
71 72
71 80
71 81
61 62
52 62
52 43
52 53
34 35
42 43
42 33
32 33
32 23
22 23
22 13
12 13
2 3
3 13
4 5
13 4
14 5
14 15
14 24
13 14
23 24
35 45
35 36
82 83
82 73
33 34
33 24
43 53
43 44
34 44
34 25
24 25
15 6
5 6
15 25
16 17
16 26
25 26
16 7
25 16
7 17
17 8
57 48
47 48
55 56
8 18
38 29
18 9
28 29
28 19
19 29
18 28
17 18
27 28
27 37
36 27
26 17
26 36
44 45
53 44
54 55
54 64
54 45
63 54
53 63
62 63
81 82
72 82
72 73
72 63
81 91
81 90
91 92
92 93
83 84
83 93
83 74
73 74
73 64
79 89
64 74
64 65
55 46
55 65
45 46
36 46
37 47
46 47
46 37
