5
7
47
23
66
49
100
0 62
0 85
0 45
0 25
0 57
0 50
0 64
0 86
0 95
0 70
10 89
0 13
0 48
0 82
0 14
0 60
57 59
54 96
0 28
27 96
0 73
0 75
57 96
0 93
0 11
0 26
0 53
0 54
0 69
29 96
0 32
0 92
0 24
0 22
0 5
0 12
0 2
0 35
0 81
0 79
89 96
0 8
0 44
0 36
0 20
0 55
0 18
0 63
14 75
0 52
0 17
34 96
0 16
14 96
0 80
0 87
0 42
0 37
0 77
0 61
0 38
0 19
0 41
0 90
0 9
0 76
0 84
0 96
77 96
33 96
0 1
0 10
32 50
0 30
0 56
45 96
0 59
0 72
0 71
0 39
50 96
41 96
63 96
0 27
8 96
20 96
0 3
0 51
0 31
0 4
0 68
70 96
0 67
0 21
0 33
0 65
0 6
19 58
0 34
0 29
