5
16
12
11
33
19
100
0 71
0 21
0 23
0 17
0 39
0 36
0 65
0 27
0 82
0 14
0 94
0 96
0 91
0 81
0 47
0 57
0 92
0 80
0 9
0 58
0 29
0 45
0 87
0 10
0 72
0 3
0 67
0 35
0 90
0 49
0 4
0 64
0 43
0 79
0 42
0 48
0 50
0 85
0 59
0 22
0 88
0 13
0 18
0 55
0 89
0 24
0 61
0 32
0 34
0 46
0 62
0 38
0 30
0 75
0 66
0 51
0 99
0 15
0 56
0 68
0 93
0 74
0 20
0 6
0 73
0 53
0 95
0 28
0 2
0 63
0 8
0 70
0 78
0 97
0 26
0 31
0 1
0 98
0 41
0 76
0 54
0 25
0 69
0 83
0 60
0 7
0 52
0 84
0 37
0 44
0 5
0 77
0 86
36 96
40 52
9 46
40 47
26 40
36 80
9 45
