5
1
2
3
4
5
100
0 99
0 15
0 23
0 98
0 60
0 75
0 44
0 55
0 79
0 20
24 99
0 33
0 35
0 25
90 99
0 29
23 34
0 6
0 42
25 99
0 96
81 99
0 67
0 83
0 17
34 91
0 82
0 48
0 51
0 24
0 37
0 22
0 74
0 87
0 36
0 94
0 19
0 53
0 70
0 92
0 45
0 76
0 49
0 46
0 54
0 80
0 93
0 88
0 7
0 12
0 72
0 28
0 89
0 16
0 52
0 21
0 31
0 68
0 78
14 99
0 61
34 99
62 98
0 11
0 77
0 59
32 99
0 27
0 40
0 66
0 47
0 18
0 13
0 95
0 58
0 41
0 90
0 97
0 62
0 56
0 30
0 50
0 34
37 99
62 99
0 9
22 99
0 38
0 39
0 81
0 86
0 85
0 91
0 8
0 26
0 71
0 10
0 73
0 84
0 65
