5
57
52
3
2
98
100
0 24
0 23
19 99
0 40
19 75
0 69
0 59
0 11
0 27
0 95
4 73
0 7
0 37
0 73
36 99
83 99
0 41
0 76
53 99
0 71
50 99
0 67
75 99
0 72
76 99
0 79
0 82
0 19
0 38
0 18
0 87
0 33
20 99
0 32
0 15
0 21
0 36
0 94
0 88
0 97
0 66
0 56
0 61
0 62
0 31
0 78
0 64
0 44
0 51
0 81
0 48
0 50
0 26
0 93
0 96
0 30
0 80
0 91
0 85
0 89
0 20
0 74
0 68
0 77
0 47
0 10
0 34
0 65
0 53
0 75
0 83
0 99
0 6
0 84
0 60
70 99
0 29
63 99
0 58
21 99
0 1
0 8
0 13
0 35
0 16
0 49
41 79
0 28
89 99
0 22
0 5
0 45
0 12
19 69
0 42
0 92
0 63
0 43
0 46
0 86
