5
68
85
2
52
60
100
0 99
0 31
0 9
0 22
74 99
0 69
0 76
0 7
59 99
0 94
0 10
0 93
0 91
0 28
0 41
0 48
0 77
0 98
19 99
0 36
29 99
0 18
0 50
41 99
49 99
0 11
0 86
0 55
0 96
0 70
0 46
0 53
0 87
0 84
0 4
69 99
0 32
0 33
0 20
77 99
83 90
0 1
0 6
62 99
56 90
0 23
0 34
0 8
0 97
0 74
0 65
0 61
0 3
0 81
0 13
0 17
0 49
0 72
0 14
0 51
0 19
0 64
0 79
0 26
73 99
17 31
0 5
0 35
71 90
0 67
90 99
0 58
0 25
0 37
0 44
31 99
0 78
0 59
57 99
0 90
39 99
0 80
22 99
0 24
0 45
0 56
0 42
0 43
0 54
91 99
0 82
0 83
0 47
0 71
0 27
0 29
0 73
0 95
0 57
0 40
