5
11
35
25
41
54
100
0 46
0 48
0 76
0 42
0 24
0 23
0 43
0 52
0 93
0 83
0 71
0 8
0 64
0 17
0 40
0 61
0 57
0 22
0 90
0 65
0 70
0 78
0 80
0 36
0 14
93 81
8 47
52 56
52 89
85 19
85 47
85 4
85 87
93 89
71 79
85 53
17 45
80 13
85 44
22 77
17 82
93 1
71 55
71 77
85 49
93 18
85 82
43 44
61 45
40 4
65 31
85 10
36 2
70 60
85 51
93 86
14 69
43 59
43 27
70 59
43 18
70 19
43 1
42 85
14 23
70 85
43 13
36 60
57 51
85 18
14 85
36 85
43 3
57 7
43 45
57 85
43 70
43 85
85 39
85 6
85 30
85 68
85 77
85 7
85 75
85 89
8 12
85 16
85 13
85 90
71 56
71 85
85 69
85 26
85 62
93 2
93 56
93 4
93 20
81 20
