5
5
7
9
11
13
83
6 8
10 15
12 17
14 16
19 24
19 21
17 22
20 22
18 20
25 27
25 30
23 28
16 18
26 28
26 31
24 29
27 32
29 34
31 33
36 41
36 38
34 39
32 37
30 35
33 38
35 40
37 39
42 47
42 44
38 40
43 45
45 50
47 49
52 57
52 54
48 50
55 57
55 60
53 58
51 53
46 48
41 46
44 49
51 56
54 56
59 64
57 59
61 63
61 66
58 63
60 62
65 70
65 67
68 70
68 73
66 71
64 69
67 72
69 71
74 76
74 79
70 72
77 82
75 77
79 84
81 86
80 82
81 83
76 78
73 75
78 83
85 90
85 87
86 88
88 90
89 91
91 93
93 95
94 96
84 89
87 89
92 94
92 97
