5
13
14
23
29
12
100
0 22
0 36
25 84
0 73
0 62
0 16
0 18
0 79
0 10
0 40
0 35
0 34
0 24
0 80
0 56
0 8
0 53
0 59
0 55
0 33
0 64
0 42
0 11
0 51
0 4
11 74
56 7
59 44
59 37
24 17
51 2
24 7
74 43
59 74
4 72
4 56
62 17
4 65
84 71
4 74
24 30
8 73
48 54
10 20
55 1
74 50
74 44
24 74
74 15
74 77
74 61
56 74
74 39
62 74
53 17
18 53
18 5
34 46
34 43
53 15
51 31
74 81
74 83
84 17
74 37
74 72
34 69
51 49
22 51
74 76
53 57
34 74
53 63
74 66
64 31
40 61
33 5
40 19
53 74
40 5
40 65
64 73
51 65
64 74
74 17
51 68
51 39
74 57
74 52
51 1
55 66
55 74
51 28
74 46
51 74
74 80
73 7
62 15
73 74
74 20
