5
26
41
21
13
23
100
0 46
78 95
0 33
0 29
36 79
0 81
0 91
0 27
0 57
0 67
0 40
0 49
0 53
0 15
0 76
0 31
0 87
0 45
0 47
0 5
0 69
0 8
0 68
0 95
0 24
0 73
0 22
0 4
0 25
0 39
0 42
0 56
0 78
0 59
27 95
0 16
17 95
0 19
0 58
0 14
0 63
0 10
0 48
0 12
0 34
0 72
0 65
0 84
0 52
0 82
0 3
0 54
0 44
0 32
0 38
0 85
0 66
0 36
0 43
0 88
0 6
0 77
0 20
0 37
0 61
0 75
0 92
0 2
0 94
0 86
0 71
0 11
0 55
0 70
0 51
0 64
0 83
0 1
0 7
4 44
0 28
0 80
36 95
25 49
0 89
0 18
0 74
0 50
0 62
0 17
0 90
0 60
0 9
0 93
0 79
0 35
30 65
3 30
5 30
30 37
