5
49
38
17
11
67
100
0 56
18 78
0 62
25 81
0 41
0 20
0 36
0 25
0 23
0 33
5 78
0 29
24 5
24 66
24 53
24 12
24 2
24 63
24 23
24 54
24 61
4 59
4 46
78 81
4 14
4 45
4 69
4 63
44 81
4 21
4 78
4 33
75 81
4 18
4 6
44 1
4 58
36 48
65 55
35 66
35 75
35 3
35 26
35 62
35 36
47 76
35 58
35 63
35 14
48 81
35 59
55 81
65 81
7 16
7 44
79 81
72 81
58 52
58 21
7 23
7 56
7 39
7 75
7 8
25 21
7 65
7 30
10 5
10 42
10 13
63 29
10 14
10 25
10 63
10 71
10 79
10 39
10 3
10 15
66 61
66 25
66 44
66 18
66 75
66 22
66 29
66 3
66 68
77 79
77 65
77 50
43 21
77 47
77 3
77 43
53 6
77 64
77 14
77 53
77 36
