5
16
43
56
18
7
100
0 79
97 51
0 17
0 38
0 68
0 27
0 74
0 5
0 31
0 89
0 13
0 46
0 92
0 62
0 96
0 69
0 36
0 24
0 19
0 94
97 90
0 93
0 95
0 41
0 91
0 58
0 26
0 75
0 53
11 13
11 37
11 3
11 25
11 34
11 54
11 36
11 41
11 77
11 87
11 9
11 86
11 17
11 31
11 28
11 94
11 26
11 62
11 50
11 57
11 96
11 4
11 93
11 61
5 11
11 84
11 49
11 38
11 20
11 29
11 22
11 83
11 14
97 42
6 42
59 6
82 57
6 63
32 6
36 6
1 55
59 78
59 51
6 20
82 54
97 40
58 39
38 78
58 48
27 6
97 88
82 97
1 37
31 1
59 97
6 48
92 3
92 6
31 37
97 3
31 78
26 10
62 1
27 21
75 12
34 60
27 52
31 10
97 76
1 28
97 48
