5
90
1
14
33
19
100
0 17
0 41
0 60
0 94
0 82
0 66
0 10
0 11
0 6
0 45
0 89
0 34
0 36
0 64
0 53
0 78
0 51
0 74
0 24
0 37
0 88
0 49
0 58
0 7
0 95
0 18
0 21
0 75
0 92
0 46
0 68
0 71
0 4
0 27
0 59
0 50
0 81
0 91
0 16
0 38
0 20
0 35
0 87
0 29
0 73
0 22
0 47
0 30
0 42
0 69
0 48
0 72
0 85
0 5
0 13
0 43
0 86
0 76
0 28
0 79
0 54
0 67
0 77
0 8
0 15
0 39
0 56
0 62
0 40
0 93
0 55
0 3
0 25
0 23
0 32
0 80
0 2
0 44
0 52
0 26
0 31
0 70
89 95
0 57
0 65
0 63
0 9
0 83
0 61
0 12
37 65
34 62
50 84
67 68
5 37
84 93
62 94
21 84
37 72
2 15
