5
43
9
23
29
30
100
0 36
0 56
0 65
0 7
0 69
0 85
0 41
0 60
0 21
0 19
0 61
0 37
0 5
0 40
0 59
0 18
0 87
0 66
0 71
0 28
0 39
0 38
0 76
0 34
51 90
0 45
0 4
0 25
0 11
0 17
0 83
0 16
0 48
0 35
0 81
0 90
0 58
0 22
0 20
0 3
0 10
0 44
0 26
0 70
0 62
0 72
0 79
0 89
0 32
0 13
0 42
0 1
0 14
0 75
0 82
0 55
0 50
0 74
0 33
0 78
0 68
0 54
0 64
0 15
0 12
0 51
0 53
28 90
0 8
3 46
0 63
0 57
0 47
0 46
0 49
0 84
0 86
0 2
0 77
0 80
0 31
0 73
0 88
0 67
3 62
0 52
0 6
0 24
27 74
27 84
27 90
3 90
18 27
21 26
27 39
15 44
27 36
26 27
5 15
27 66
