5
7
5
2
4
1
100
0 6
0 3
0 8
9 16
3 9
9 11
9 10
9 13
9 15
9 18
9 14
9 17
9 12
8 9
6 11
6 13
6 15
6 12
6 8
6 14
3 6
19 25
10 12
10 18
10 19
3 10
10 17
10 11
10 16
10 13
8 10
10 14
15 18
14 15
13 15
8 14
8 15
15 22
15 17
15 19
15 23
12 15
15 16
52 53
15 24
15 20
15 21
11 19
11 18
11 20
11 16
11 12
3 11
11 13
11 17
11 14
8 16
8 17
8 12
8 13
37 44
12 16
12 17
12 21
12 19
12 18
12 20
12 13
14 23
14 20
14 22
14 18
14 16
14 19
14 21
14 17
13 18
13 17
13 20
13 21
13 19
13 16
22 26
20 22
22 30
22 23
16 22
20 26
22 28
22 31
22 29
19 21
21 22
17 22
22 27
22 24
22 25
18 22
19 23
19 24
