3
81
49
13
100
0 28
0 84
0 41
0 12
0 63
0 30
0 39
0 99
0 67
0 83
0 89
0 17
0 32
0 68
0 8
0 33
0 65
0 62
65 99
45 99
0 3
0 76
0 77
0 22
0 69
0 37
0 16
0 14
50 28
0 43
0 35
0 70
0 42
0 73
0 75
31 99
0 44
0 56
0 7
24 38
0 36
80 99
0 66
0 48
0 96
6 28
58 99
0 26
0 29
0 98
0 27
0 46
0 74
46 99
28 99
0 45
0 6
0 10
0 1
0 23
0 2
69 42
0 58
0 93
0 82
0 57
0 72
0 91
0 21
0 11
0 31
0 19
0 34
0 90
0 40
0 71
0 64
0 78
0 47
0 25
0 54
0 86
0 88
0 79
0 92
0 18
48 99
0 52
0 94
27 1
0 50
0 97
0 59
38 99
0 85
0 55
0 9
0 15
60 75
60 55
