5
84
9
65
94
96
100
0 13
0 51
0 87
25 14
79 99
0 77
0 37
14 99
0 31
70 99
0 92
0 63
0 55
0 2
0 67
0 46
0 3
0 60
56 57
0 95
0 59
0 68
0 91
0 49
87 99
0 48
57 99
81 99
0 71
0 64
69 99
0 73
0 88
0 97
0 42
0 4
0 22
62 99
58 99
43 99
0 24
13 99
0 16
0 36
86 99
92 83
0 18
0 25
0 82
0 28
0 40
0 57
0 90
0 74
0 20
0 44
0 17
0 15
0 43
11 99
77 99
24 46
62 54
10 99
0 30
83 99
44 99
0 52
0 80
46 99
0 12
0 45
0 14
0 34
0 6
0 99
0 10
0 62
0 39
0 53
0 81
0 76
0 21
0 8
0 38
0 58
0 89
0 35
0 19
0 69
0 50
54 99
0 85
0 1
66 40
0 98
0 33
0 66
0 72
36 99
