5
21
87
76
8
17
100
0 72
0 52
0 80
0 74
0 45
0 20
0 85
0 60
0 81
0 18
0 36
0 49
22 99
0 62
0 64
0 86
0 97
22 26
62 99
81 86
0 19
23 97
0 84
0 43
0 27
0 94
0 2
0 56
0 40
0 46
0 83
0 54
0 31
0 35
0 59
0 30
0 51
0 5
0 82
0 33
0 88
83 99
0 90
0 3
0 93
91 42
0 99
0 95
0 1
0 63
0 13
0 48
0 12
0 14
0 91
0 66
0 25
0 34
0 28
0 29
0 57
0 78
0 41
0 10
0 44
0 16
0 22
0 32
0 96
0 70
0 98
0 92
0 26
0 61
0 50
0 39
0 89
0 11
0 67
0 65
0 6
0 68
0 23
0 55
0 58
0 73
0 53
0 4
0 47
0 7
0 37
0 71
5 9
9 19
9 41
9 30
9 36
9 22
9 96
9 82
