5
6
48
68
41
72
100
29 99
0 37
0 21
0 90
57 99
64 99
60 99
0 61
76 59
76 58
76 16
76 25
76 70
28 99
5 84
2 82
8 27
82 99
5 29
5 58
5 69
5 49
46 65
5 87
5 91
84 66
5 70
83 84
57 53
57 1
57 44
66 27
57 84
57 28
57 13
74 27
57 40
57 67
57 9
77 59
30 95
18 27
7 27
29 90
62 59
30 71
30 77
30 81
30 34
30 89
50 59
71 59
30 63
30 13
98 90
74 59
39 3
69 90
3 59
22 34
22 40
88 66
22 17
22 88
2 75
22 45
22 74
22 15
85 34
85 74
14 69
85 95
85 98
85 7
71 29
89 71
51 75
89 4
89 21
69 75
89 32
33 26
89 52
89 40
89 54
66 26
89 84
89 51
23 2
23 8
29 34
29 44
29 9
29 33
29 20
15 26
29 55
29 19
69 77
69 96
