5
5
10
13
68
70
100
73 74
76 77
79 80
82 83
85 86
88 89
91 92
94 95
97 98
15 16
19 21
22 24
25 27
34 38
39 43
44 48
49 53
28 30
54 58
31 33
31 35
36 40
41 45
46 50
51 55
56 60
72 73
75 76
78 79
81 82
84 85
87 88
90 91
61 65
66 67
0 1
0 2
0 3
0 4
0 6
0 7
0 8
0 9
0 11
0 12
0 14
17 19
20 22
23 25
26 28
98 99
93 94
93 96
95 96
97 99
0 16
0 15
0 17
0 18
0 21
0 24
31 38
59 63
73 76
0 19
0 22
0 25
0 28
0 20
0 23
0 26
0 27
0 29
0 30
0 32
0 33
0 34
0 35
66 73
0 31
0 36
0 37
0 41
42 46
47 51
52 56
0 38
0 42
0 43
0 48
96 99
0 39
0 40
0 44
0 45
0 49
0 50
0 46
0 51
0 56
