5
57
51
72
11
7
100
0 75
0 22
85 99
0 32
45 99
0 4
98 99
33 99
60 99
0 37
0 50
0 95
38 99
0 14
28 99
0 84
0 46
0 42
0 18
0 88
0 9
16 99
0 24
56 99
0 5
10 99
0 19
0 85
0 13
0 30
0 66
0 89
0 98
0 40
0 41
0 86
0 67
0 49
0 82
0 45
0 17
32 99
0 6
0 60
0 80
65 99
0 52
0 21
0 47
0 96
0 77
0 61
34 77
34 37
34 56
34 62
34 64
34 26
34 29
34 44
6 34
34 35
34 97
34 84
34 55
34 53
34 73
34 92
34 99
34 23
3 99
81 99
34 20
34 88
6 99
22 34
34 16
34 75
34 83
34 74
34 41
34 8
34 48
34 85
34 95
4 34
44 99
14 34
50 99
34 47
34 98
34 31
34 82
34 43
34 76
34 61
34 94
34 81
13 36
34 40
