5
72
65
69
37
32
100
86 98
0 41
88 98
0 63
0 30
0 38
0 1
14 81
0 56
0 84
0 22
0 54
0 6
0 23
0 33
0 7
0 80
0 26
0 40
0 16
0 5
0 25
0 36
0 27
0 60
0 87
0 90
0 3
0 29
27 98
0 88
0 77
0 9
0 74
0 70
0 98
0 57
0 62
0 94
0 10
0 92
0 47
0 35
0 19
0 58
0 81
0 78
0 59
0 48
0 50
0 28
0 89
0 67
0 82
0 64
0 79
0 73
0 20
0 85
81 98
0 53
0 43
0 86
0 68
0 91
0 13
0 2
0 18
0 83
60 74
0 17
56 67
0 96
0 45
0 55
0 21
0 8
0 34
0 51
0 52
0 4
0 93
0 42
56 76
0 12
0 97
0 49
0 71
0 76
0 11
0 31
0 14
0 24
0 39
0 95
0 44
0 66
0 15
0 46
0 75
