5
6
10
39
57
48
100
0 33
0 60
0 16
62 99
85 99
75 99
0 27
0 52
0 56
13 99
0 69
0 61
0 5
0 95
0 29
0 42
0 70
0 98
0 23
0 78
0 92
0 43
0 8
0 11
0 22
0 89
0 28
0 86
0 18
0 58
0 96
26 99
0 93
0 75
0 55
0 20
0 7
0 19
0 25
0 82
0 94
0 15
0 46
35 99
99 63
0 32
0 87
0 74
0 66
36 99
56 99
0 13
0 17
0 34
0 38
0 72
0 12
0 30
0 97
0 64
0 90
84 99
0 41
0 65
0 62
42 99
82 99
0 31
0 35
14 99
0 36
0 77
0 73
0 9
0 91
0 3
0 4
0 37
0 40
17 41
29 47
47 52
38 47
30 41
47 53
47 62
50 99
43 99
24 99
67 99
17 99
22 99
46 47
7 99
47 96
4 47
28 99
46 60
47 55
47 95
