5
86
57
56
60
69
100
0 95
0 37
0 73
0 82
0 92
0 75
3 92
3 36
3 93
3 66
3 94
3 90
3 64
3 45
3 63
3 22
3 81
3 67
23 20
74 72
98 39
63 17
63 48
97 28
99 96
97 19
95 5
74 99
64 40
98 20
6 13
73 18
75 7
64 85
64 22
59 99
81 7
90 48
64 15
42 22
64 17
64 67
81 52
67 17
45 67
62 15
22 83
13 34
90 17
22 17
37 54
64 12
75 44
67 98
22 20
6 78
81 38
6 28
98 89
25 31
90 40
22 89
90 79
6 50
64 27
62 90
25 45
22 35
98 72
4 55
73 6
6 44
6 98
94 58
2 46
63 54
22 85
22 98
81 11
94 40
2 64
23 63
37 80
25 21
81 31
90 49
81 87
63 81
81 98
75 11
95 29
94 11
99 48
90 35
7 99
75 66
37 24
73 19
90 67
10 58
