5
12
62
70
26
60
100
0 91
0 79
0 16
0 85
0 34
0 68
37 97
0 50
0 7
68 97
71 76
0 83
0 44
0 92
0 66
0 20
0 65
0 89
1 97
0 18
0 8
28 30
0 36
0 95
0 19
0 88
0 48
0 80
0 4
0 39
0 74
0 28
0 77
0 3
0 43
0 97
0 58
0 76
0 71
76 97
94 97
4 97
0 64
0 81
0 42
0 31
0 82
0 11
0 27
0 6
0 17
0 32
0 61
0 13
0 47
0 69
0 49
0 78
0 63
0 93
0 57
0 55
0 30
0 75
0 40
0 38
0 1
0 41
0 51
44 97
0 35
0 90
0 14
0 2
0 56
54 97
0 10
0 53
0 37
0 73
0 5
0 23
0 33
0 54
0 96
0 22
0 59
0 21
0 25
0 52
0 29
0 45
0 67
56 97
16 50
22 50
79 97
0 46
0 9
0 72
