5
8
4
1
20
45
100
0 2
0 31
0 30
0 6
0 14
0 44
0 18
0 12
0 19
0 41
0 36
0 50
0 17
33 50
0 24
32 50
0 43
0 35
0 29
0 37
0 13
0 39
0 26
0 32
0 46
0 21
0 47
0 49
0 38
0 9
0 22
0 16
0 3
0 42
0 10
0 27
0 28
0 11
7 21
7 24
0 15
0 48
6 50
0 33
7 13
7 23
0 40
0 5
0 7
0 23
0 25
19 34
19 32
43 50
17 19
15 34
10 29
14 21
18 23
19 28
25 30
2 16
18 41
28 34
34 47
15 30
11 21
17 22
11 23
17 34
3 21
19 23
13 34
26 30
23 34
28 30
9 36
9 22
19 30
2 22
6 25
16 34
6 15
29 34
5 29
19 24
30 34
34 43
21 24
2 19
5 24
34 36
34 38
2 13
31 34
34 49
24 34
2 17
25 34
2 9
