5
89
26
93
38
64
100
0 17
0 81
0 66
30 15
2 30
30 8
30 7
99 35
58 49
58 46
99 44
99 96
17 46
72 62
18 28
71 74
99 73
12 63
78 62
5 98
27 78
51 75
85 56
10 40
99 97
51 67
98 43
72 59
10 66
40 63
99 80
71 39
66 65
15 56
66 91
4 77
3 29
4 19
3 71
4 72
20 44
72 33
72 69
88 67
85 48
37 35
72 11
21 28
12 79
52 23
75 23
6 7
72 9
98 34
7 58
5 9
4 34
29 9
60 73
23 97
92 81
11 84
11 51
88 82
5 88
88 14
88 60
16 49
18 52
8 19
85 90
62 70
18 13
13 37
21 23
77 24
37 24
52 53
36 80
72 67
36 42
58 91
53 62
20 27
51 82
12 20
62 83
24 25
88 19
19 75
32 50
69 68
22 39
88 31
85 13
31 69
32 73
75 43
82 68
88 68
