5
45
89
62
72
48
100
0 99
0 25
0 35
57 99
0 21
67 80
0 61
0 27
76 99
0 65
0 55
0 73
0 94
80 99
67 44
0 54
33 87
0 41
0 91
0 15
65 8
44 99
0 67
0 97
0 92
0 16
0 14
0 2
0 70
58 99
0 71
0 98
0 23
0 47
59 99
0 90
0 10
0 77
0 12
0 81
0 79
0 3
0 49
0 38
0 37
0 57
0 80
0 88
0 13
0 84
0 30
56 99
0 63
0 59
0 50
8 99
15 99
0 83
0 26
0 17
0 60
73 99
87 99
1 38
0 36
0 43
0 66
0 53
59 12
50 38
0 46
0 69
0 52
0 56
75 3
55 38
0 4
0 40
0 68
41 99
0 76
0 1
0 28
0 78
0 24
0 86
0 5
0 82
0 18
0 7
0 74
0 87
0 93
33 23
33 83
33 25
33 39
27 38
33 61
33 91
