5
34
48
63
44
35
100
0 23
0 64
0 2
0 6
0 85
0 46
0 26
0 41
0 10
0 3
0 79
0 8
88 84
0 76
0 40
0 60
0 52
0 49
0 65
0 16
0 56
0 43
0 5
0 20
0 24
83 17
0 81
62 79
41 27
62 70
41 1
62 28
62 75
41 57
5 41
41 25
3 1
41 12
62 67
41 62
62 73
62 76
60 4
23 29
62 61
62 82
3 62
62 4
8 62
5 60
62 18
60 12
62 64
62 68
60 62
62 9
62 57
62 1
62 78
23 32
23 62
56 12
62 31
62 32
62 58
62 77
62 22
49 11
62 50
49 80
49 79
49 82
49 76
43 49
49 47
49 54
49 12
49 60
49 74
49 27
49 84
49 81
49 61
49 72
20 25
2 29
49 18
83 87
49 36
20 38
20 49
2 21
2 24
3 10
49 52
3 49
10 49
16 49
2 49
41 49
