5
45
43
32
20
23
100
0 70
0 38
0 65
0 47
0 49
0 57
0 26
0 46
0 66
0 17
0 11
0 58
0 53
0 22
0 9
0 21
0 54
0 60
0 7
0 48
61 70
0 25
0 14
0 28
0 61
0 68
0 3
0 8
0 37
0 62
0 67
0 40
0 34
0 1
55 35
55 28
55 64
55 42
55 69
55 51
55 46
55 3
7 11
55 21
55 70
55 6
55 2
55 7
55 38
34 70
55 47
55 66
55 65
55 16
55 34
55 1
55 13
55 14
8 65
22 70
8 33
55 25
55 8
55 33
55 5
55 37
55 15
55 36
55 12
55 50
55 30
55 62
55 53
41 7
41 30
41 51
41 18
41 1
41 13
41 21
41 62
41 46
41 8
41 48
41 50
59 49
41 3
41 47
63 70
65 61
41 15
63 18
41 24
41 59
41 66
41 34
41 42
41 68
41 17
11 49
