5
1
14
27
16
28
100
0 9
0 8
12 25
36 42
47 55
12 23
23 39
55 69
37 50
0 2
55 67
51 63
67 72
0 7
83 91
76 84
87 91
0 3
95 99
0 6
0 10
0 4
5 18
5 19
5 20
5 13
5 15
5 12
5 11
17 26
66 80
17 4
17 9
67 79
49 55
47 31
47 60
17 30
17 22
17 24
17 23
17 29
48 54
17 8
17 25
17 21
17 2
17 3
55 63
17 10
17 6
7 18
7 13
7 12
7 19
7 11
7 20
15 21
15 30
42 56
65 77
15 22
15 26
15 23
15 25
15 8
15 24
15 2
13 22
36 46
67 74
70 78
86 90
86 74
15 9
13 26
15 6
15 29
15 10
15 4
3 19
3 20
3 18
3 12
3 11
13 23
47 51
49 59
13 30
13 24
80 84
91 99
13 9
13 21
96 99
93 99
81 98
23 33
23 38
45 55
