5
1
3
4
9
10
100
0 50
0 11
0 20
0 22
0 23
0 33
0 40
0 44
0 47
0 48
0 41
0 31
0 16
0 35
0 45
11 46
33 46
40 46
46 7
46 14
46 8
31 46
46 15
46 17
16 46
45 46
23 18
44 18
50 2
50 30
47 50
18 14
44 50
22 50
23 50
50 29
50 42
40 50
50 7
50 34
20 50
33 50
50 24
11 50
18 32
18 28
18 21
18 30
18 27
18 38
6 18
26 18
45 18
31 2
41 2
2 15
2 32
48 2
2 28
23 2
44 2
47 2
2 37
40 2
2 27
11 36
36 7
49 36
28 36
6 36
48 36
16 36
5 36
37 36
36 38
36 42
45 36
40 36
36 30
13 27
27 8
27 32
27 28
27 21
37 27
27 42
45 27
40 19
40 34
23 40
40 14
40 6
40 17
41 24
7 24
12 24
23 24
14 24
24 30
29 24
