5
41
58
28
35
15
100
0 48
0 62
0 87
0 18
0 70
0 73
0 50
0 4
0 88
0 74
0 89
0 21
0 36
0 1
4 85
80 91
93 7
80 59
80 31
66 19
80 75
80 17
80 71
80 40
1 12
1 78
1 49
80 90
62 6
62 80
80 49
80 10
1 66
80 6
1 75
70 80
1 80
80 56
2 29
6 10
89 51
6 24
50 70
89 61
50 63
68 85
61 77
77 81
2 77
77 25
57 24
50 49
77 67
50 16
50 51
50 74
10 33
50 53
33 51
48 45
77 90
25 90
50 77
77 45
77 34
9 25
77 92
68 71
60 77
48 83
10 24
10 63
29 51
10 34
10 51
57 44
9 51
77 43
21 71
21 77
57 77
69 45
69 34
62 38
69 77
66 44
29 24
48 71
62 56
62 10
78 8
29 56
90 7
33 93
78 2
77 44
71 19
78 10
37 10
71 13
