5
7
60
4
78
75
100
0 79
0 18
0 6
0 43
0 71
0 86
0 88
0 66
0 21
0 61
0 24
0 63
0 22
0 50
0 37
0 13
40 1
40 2
40 65
40 89
40 14
40 48
40 66
40 71
89 54
22 28
28 89
18 40
40 88
40 26
40 58
40 25
40 74
40 62
40 41
40 23
40 42
40 46
40 67
40 30
72 67
86 59
70 76
72 9
72 76
72 68
86 64
72 30
22 72
1 8
1 72
72 77
72 85
8 19
66 73
89 19
72 26
66 52
43 72
89 27
43 48
72 12
87 89
1 82
48 70
72 73
1 28
70 30
8 67
89 64
61 12
70 33
89 81
43 38
43 68
86 51
43 61
1 48
86 55
70 89
37 77
37 70
1 87
1 74
59 77
37 67
55 27
37 86
43 69
43 44
48 53
18 32
48 68
22 32
72 58
61 72
72 27
1 29
28 69
89 62
