5
72
15
40
19
1
100
0 21
0 38
0 62
0 79
54 37
0 54
60 82
0 13
37 82
54 82
0 4
0 12
0 7
0 29
52 82
18 82
0 74
0 34
0 10
0 43
0 55
0 8
35 82
47 64
47 26
47 41
47 62
47 79
47 42
47 10
47 7
47 20
73 82
47 57
47 21
47 75
43 17
47 81
37 17
47 43
47 69
47 37
47 74
39 73
39 16
39 34
39 75
39 78
39 4
39 37
39 77
39 18
39 62
39 28
39 80
39 64
39 21
70 82
39 63
39 46
39 7
25 51
25 31
25 37
25 41
25 57
25 46
25 77
59 14
25 68
25 59
25 66
48 34
25 75
25 34
25 49
25 64
25 48
25 3
62 82
25 80
25 54
53 82
53 22
53 68
53 36
53 61
53 51
53 71
53 16
53 34
53 58
53 57
53 60
53 30
53 63
53 37
53 42
53 49
53 7
