5
34
58
70
39
52
100
0 99
63 99
49 99
0 91
0 17
0 16
60 99
0 42
0 40
0 62
33 99
75 99
46 99
66 99
0 87
0 3
0 63
0 85
0 9
0 13
76 29
0 67
0 14
0 60
0 44
43 55
0 33
0 77
0 54
0 43
0 6
0 5
23 99
0 47
17 85
0 4
55 99
0 83
0 8
0 12
0 74
0 1
85 99
0 35
0 84
0 68
0 95
29 99
0 90
42 99
0 66
0 15
0 49
0 71
43 99
0 28
27 99
69 99
0 72
10 99
0 45
0 20
0 30
0 82
0 29
61 99
79 99
0 86
0 46
0 48
0 19
0 93
50 82
0 69
0 73
0 23
0 50
88 99
0 75
87 99
0 64
0 88
0 25
0 7
0 27
0 57
0 51
0 96
0 21
0 98
0 41
0 56
78 99
0 22
0 24
0 26
0 76
0 65
82 99
0 61
