5
10
2
30
5
25
100
0 89
0 94
0 73
92 96
0 55
0 59
0 36
0 49
0 43
83 96
0 42
0 41
0 6
0 57
0 74
0 16
0 38
45 96
0 8
0 91
0 24
0 62
0 18
0 66
81 96
0 4
0 85
0 70
0 29
0 71
0 45
0 47
0 39
0 96
0 86
0 90
0 52
62 68
0 79
0 35
0 76
0 80
0 68
0 78
0 82
0 21
0 26
0 1
77 96
0 87
0 37
0 63
0 77
0 53
0 44
0 50
26 74
0 27
0 46
0 12
0 75
0 92
0 58
0 95
0 72
0 22
0 34
0 69
0 14
0 61
0 48
61 96
0 7
0 51
22 59
0 56
0 81
0 84
0 83
0 13
57 62
18 37
59 96
0 3
62 96
0 33
0 17
0 54
0 15
0 23
0 20
0 31
0 93
0 65
0 28
0 40
0 60
0 32
0 67
0 88
