5
5
41
49
16
26
100
0 30
0 1
0 42
0 4
0 31
0 46
0 7
0 66
0 24
0 12
0 2
0 18
0 59
0 56
0 19
0 58
0 70
0 35
0 51
0 25
0 68
0 50
9 57
9 36
9 73
9 24
9 59
1 9
9 33
9 31
9 10
9 23
1 18
9 19
9 18
9 22
4 9
9 68
9 38
9 65
9 77
9 11
9 50
4 32
4 45
18 55
55 39
24 30
4 28
55 71
1 4
25 30
24 70
42 33
4 46
42 3
25 52
4 17
12 29
29 79
24 55
55 75
1 32
4 55
55 65
12 55
24 59
32 20
7 24
24 76
66 32
55 74
55 73
55 64
68 3
24 38
24 27
37 55
1 37
31 27
31 43
1 55
31 60
58 48
32 71
55 27
31 39
21 28
46 39
29 47
55 60
29 55
21 8
55 20
55 15
21 38
56 10
2 48
30 40
21 55
