5
16
33
75
98
17
100
0 99
8 99
0 57
41 99
0 95
0 67
57 99
0 61
0 31
0 38
0 11
0 80
0 23
0 28
60 99
82 99
0 43
0 70
66 42
0 83
31 99
9 42
0 22
0 18
0 84
0 79
0 25
0 81
54 2
0 36
0 40
45 99
0 35
0 42
0 59
0 53
0 66
0 82
0 1
0 47
0 58
0 15
0 55
0 76
0 60
0 65
0 3
0 37
0 51
0 69
0 45
50 22
94 2
0 13
0 73
0 9
0 6
0 72
0 41
0 52
86 96
86 68
86 22
23 99
2 99
86 49
86 59
86 54
86 11
86 79
39 99
42 99
86 94
86 30
86 72
86 58
86 93
86 50
86 99
86 18
81 99
22 99
86 76
83 72
86 43
86 28
86 88
86 10
86 32
86 2
86 69
86 6
86 95
86 47
86 62
86 85
86 92
86 77
86 74
86 38
