5
72
26
78
87
33
100
0 99
0 23
0 85
20 99
0 28
30 17
46 99
0 86
0 20
0 43
0 13
47 99
0 52
0 98
0 48
81 99
17 99
49 99
0 51
0 82
81 60
66 99
0 64
0 37
0 24
0 39
0 32
11 82
0 67
0 29
0 9
12 48
0 41
35 99
3 99
60 99
32 99
14 99
0 68
0 89
86 99
0 12
25 99
0 4
55 99
0 92
0 25
0 7
0 6
0 38
97 89
0 94
0 19
0 76
0 58
0 44
0 22
0 75
0 17
0 11
0 91
0 71
0 31
0 55
0 83
0 14
0 16
0 57
28 99
0 40
77 46
77 76
77 90
77 47
77 1
77 28
77 55
73 99
74 50
77 25
77 97
77 9
77 99
77 73
77 98
77 51
77 83
77 8
77 40
77 68
77 39
77 54
77 64
77 74
77 56
77 63
77 69
77 3
77 29
77 93
