5
46
51
57
12
66
100
0 11
75 99
0 68
16 99
0 63
15 99
0 62
0 52
0 48
0 55
0 93
0 83
0 71
0 2
0 64
0 18
0 5
4 99
0 38
61 83
0 21
0 61
0 60
0 15
0 87
0 45
0 72
0 91
32 99
0 58
0 32
0 29
84 99
0 67
36 99
37 99
0 76
97 99
5 99
0 4
39 99
0 80
0 17
23 99
0 26
0 3
92 99
0 75
0 50
0 74
0 39
0 44
0 19
0 24
98 2
0 13
0 99
0 70
0 16
0 10
0 53
0 27
0 56
0 98
0 25
0 9
0 49
80 99
6 95
0 40
0 73
0 1
0 43
0 88
0 41
0 54
0 31
2 99
0 94
9 99
30 99
95 99
42 99
0 65
0 34
0 37
0 92
0 8
0 84
0 14
74 27
52 55
62 91
0 79
0 90
0 42
0 85
0 36
0 69
0 7
