5
44
52
4
43
64
100
99 5
0 61
0 1
0 39
0 59
0 70
0 27
0 92
0 8
0 34
0 58
0 73
0 57
0 68
0 63
0 48
0 78
67 96
67 91
67 85
1 67
48 67
67 99
67 73
67 97
67 60
39 67
67 6
67 77
67 75
27 15
67 71
67 45
1 49
27 9
67 37
67 22
67 29
57 67
27 25
1 27
67 92
27 39
27 37
27 51
27 91
27 21
27 97
35 28
27 53
27 18
27 56
27 55
27 92
27 72
61 10
39 82
68 74
57 68
68 2
78 25
68 76
63 9
99 37
78 9
61 17
75 79
99 28
62 35
42 85
35 56
42 9
62 41
92 76
51 35
1 88
99 98
41 36
45 76
99 19
62 76
94 18
94 22
6 56
14 15
55 22
6 84
35 5
70 35
61 99
51 36
35 55
35 90
55 76
59 36
99 18
73 35
63 15
75 41
99 93
