5
35
77
83
3
49
100
0 98
0 51
0 99
0 88
0 33
0 46
99 58
0 75
0 18
0 52
0 54
0 80
0 59
0 40
0 48
0 89
0 12
0 70
0 39
0 5
0 23
0 69
0 82
0 53
0 61
0 43
0 25
0 15
0 67
0 60
0 66
0 87
0 21
0 9
0 72
41 69
41 96
18 41
99 79
1 54
18 62
15 59
41 62
0 26
0 41
0 91
0 93
0 96
0 56
0 37
0 17
0 86
0 27
0 47
0 95
0 1
0 31
0 32
0 10
0 58
0 30
5 28
93 99
12 28
28 61
15 90
28 16
28 54
28 65
28 70
28 93
28 50
28 21
18 39
27 44
18 38
12 66
28 41
28 14
28 53
28 33
28 37
28 34
28 96
28 98
28 82
28 44
28 87
28 40
28 42
28 75
28 79
33 36
91 36
33 72
31 95
5 90
95 60
95 65
23 90
