5
24
51
52
49
80
100
0 26
0 16
0 28
0 21
61 97
0 1
0 10
0 5
85 97
50 97
0 7
0 20
0 14
0 3
0 19
0 42
77 97
0 22
0 43
0 17
0 31
0 44
0 12
0 34
0 27
0 46
0 11
0 47
0 2
0 4
76 97
0 13
0 39
0 41
0 35
69 97
0 40
0 30
0 8
0 15
60 97
91 97
0 18
0 37
0 25
0 29
0 6
0 33
0 38
0 48
0 23
0 36
0 32
0 9
45 78
45 86
68 97
45 56
45 58
38 70
45 54
45 82
45 83
45 71
45 67
83 97
45 73
45 76
45 60
45 59
45 85
45 72
45 96
45 92
45 66
75 40
45 91
45 90
45 61
45 81
45 88
45 77
45 93
45 62
45 84
53 97
45 68
70 97
45 63
45 89
58 97
45 69
45 74
45 53
45 55
45 70
45 50
45 87
45 64
45 57
