5
63
73
86
92
59
100
53 99
0 4
21 99
0 88
0 95
0 26
0 61
0 19
0 14
0 24
0 94
0 46
0 91
0 27
43 5
43 37
43 7
43 62
43 81
43 91
43 15
12 99
66 99
43 60
43 35
43 61
43 90
43 83
12 16
77 56
49 42
9 37
58 46
12 44
12 1
12 66
12 51
12 54
12 29
12 18
3 1
3 48
3 96
3 21
83 99
3 23
3 64
3 51
3 83
3 65
3 13
3 91
69 78
69 1
69 81
69 41
69 8
69 31
69 30
69 65
69 95
69 33
69 64
10 46
69 36
69 49
69 22
69 84
45 14
30 99
45 83
56 99
45 68
45 19
45 89
45 31
45 36
45 26
45 15
45 7
16 31
16 81
16 15
42 99
16 18
16 70
16 26
16 50
16 83
16 98
16 80
16 53
96 99
16 91
16 88
77 99
16 47
16 71
87 97
87 85
