5
4
35
1
2
3
100
0 92
0 59
0 37
73 91
0 23
0 73
0 20
91 92
0 68
0 6
0 62
0 84
0 22
0 67
0 13
0 5
0 71
0 75
0 82
0 41
0 64
0 72
0 8
0 42
0 7
0 69
0 28
0 51
0 65
0 24
0 33
61 77
0 48
77 92
73 92
83 92
0 80
0 9
34 92
0 29
0 43
0 45
51 66
0 11
0 58
0 60
0 79
0 81
0 40
6 66
0 32
0 17
0 36
0 78
0 87
0 44
0 76
0 77
0 52
0 56
0 30
0 86
0 27
0 63
0 46
0 34
0 31
0 61
0 90
0 53
0 15
0 88
0 38
0 49
0 19
0 85
60 92
0 16
0 50
0 57
0 12
0 91
0 14
0 89
0 74
0 10
0 21
0 66
0 26
0 18
0 47
0 70
0 55
0 83
0 25
0 54
39 45
19 39
18 33
39 68
