5
25
27
28
35
40
100
0 89
0 80
0 66
0 73
0 82
0 86
0 85
78 58
78 57
78 20
78 56
78 1
78 55
78 31
78 83
89 4
66 43
89 65
89 42
66 9
66 64
2 56
1 49
76 47
56 67
3 60
34 23
68 60
62 47
60 4
68 31
1 68
34 31
24 6
63 47
38 31
36 6
60 33
60 83
38 53
38 77
53 6
87 38
4 38
49 19
50 11
52 43
38 48
73 54
38 57
38 75
20 33
20 15
21 9
20 13
20 38
30 6
24 15
24 69
6 69
62 12
86 7
6 83
12 71
83 32
82 11
85 10
85 11
83 11
9 46
85 31
85 77
85 33
85 69
85 1
85 36
85 71
55 60
55 71
55 16
55 4
86 24
86 74
2 52
6 29
1 36
2 54
51 42
51 19
1 51
51 55
1 2
2 50
2 14
36 74
86 48
76 87
86 23
18 36
65 37
