5
1
12
73
38
53
84
54 56
91 93
55 57
69 71
68 70
92 94
93 95
19 21
18 20
20 21
70 72
26 28
27 29
61 63
28 30
29 31
35 37
41 43
8 9
2 4
3 5
4 6
5 7
13 14
50 52
49 51
64 66
64 65
67 69
62 63
39 40
41 42
59 60
97 99
96 98
95 97
26 27
23 25
22 24
22 21
30 31
32 34
33 34
84 86
85 87
86 88
83 85
94 96
65 67
66 68
35 36
42 44
43 44
45 47
46 48
45 44
47 49
48 50
24 26
58 59
32 31
76 78
77 79
78 80
74 75
76 77
79 81
80 82
81 83
82 84
6 7
8 10
9 11
18 19
15 17
16 17
15 16
87 89
88 90
89 91
90 92
56 58
57 59
60 62
