5
15
83
5
37
6
100
3 99
0 53
20 29
0 52
0 26
29 99
0 58
0 91
0 25
0 76
75 36
75 21
88 92
88 68
88 73
88 60
88 30
88 1
72 86
72 68
72 23
7 99
72 65
72 35
72 81
1 94
31 58
1 86
90 99
1 12
1 45
1 66
42 80
42 4
50 99
38 99
42 47
53 99
42 55
42 13
42 78
11 3
11 58
11 62
11 66
11 16
11 47
13 25
13 44
13 30
13 46
13 23
13 96
8 73
8 18
8 49
8 28
98 80
98 60
98 61
98 82
98 3
98 69
73 28
73 79
73 92
59 99
4 99
73 71
73 51
73 7
59 95
59 56
64 96
73 86
73 81
24 86
62 99
52 99
43 96
73 66
4 91
73 59
73 90
24 59
24 68
24 65
36 96
16 96
24 39
24 67
24 60
24 12
47 57
47 86
47 48
47 50
47 97
47 64
47 90
