5
77
67
1
98
57
100
0 60
56 44
56 30
56 12
4 99
56 20
56 54
56 8
56 42
99 8
99 65
18 99
99 43
16 13
83 72
83 99
26 51
99 6
10 13
12 84
12 44
12 96
17 72
86 31
7 12
41 31
50 13
63 35
31 12
9 34
3 86
7 66
94 46
27 16
12 66
40 12
12 88
60 38
60 94
60 82
60 19
60 65
60 95
93 8
79 10
10 94
93 24
93 15
93 87
93 23
93 83
93 37
93 2
62 84
32 95
4 41
4 83
95 48
94 17
95 91
27 17
17 22
4 62
41 48
17 45
18 53
62 53
80 61
63 17
62 95
5 95
95 53
80 90
17 95
80 91
4 34
71 34
80 36
63 51
16 66
80 66
71 39
4 80
71 43
71 32
71 48
71 29
71 76
8 75
34 51
8 72
97 13
55 8
8 13
40 28
38 46
55 7
20 24
2 47
68 24
