5
8
44
22
37
47
100
87 21
0 28
0 79
0 78
0 61
0 49
0 90
0 39
0 87
0 71
0 12
0 50
0 63
0 99
0 81
0 59
0 42
0 55
99 57
0 86
0 66
0 3
0 17
0 23
0 73
0 38
0 82
0 41
0 95
0 76
0 96
0 64
0 32
0 52
0 36
99 48
0 1
0 27
0 77
0 92
0 51
0 70
0 80
91 10
90 91
12 21
71 73
78 9
87 25
39 21
77 9
50 20
91 20
73 91
64 9
87 92
41 2
91 21
71 76
99 6
3 51
81 9
87 88
17 62
87 99
99 9
55 54
3 69
82 89
71 16
99 89
71 99
3 2
64 66
66 78
3 95
3 99
81 26
91 25
1 98
91 88
81 75
78 91
91 96
27 40
49 16
99 75
91 40
51 79
81 91
51 91
36 43
36 72
80 91
79 16
1 60
1 52
79 69
39 75
1 67
