5
49
37
12
17
77
100
0 60
0 31
0 25
0 42
0 86
0 54
0 16
0 7
0 78
0 15
0 57
0 51
0 47
0 79
0 45
0 19
45 94
0 36
0 64
0 68
0 85
0 1
0 55
51 94
0 70
0 93
0 69
0 14
0 81
7 94
0 92
0 74
0 66
0 35
0 50
0 28
0 90
0 73
0 22
0 67
0 71
0 3
0 75
0 82
0 24
0 41
0 48
0 23
0 46
44 62
0 65
0 87
0 56
0 44
15 94
0 88
0 89
23 33
18 50
0 5
33 67
62 94
41 94
0 6
0 33
0 34
18 94
0 39
0 61
0 76
0 63
0 27
0 59
0 83
0 84
0 29
0 38
0 62
0 4
0 26
0 32
0 94
44 73
0 21
0 52
0 80
0 72
0 30
0 11
0 18
0 43
11 94
73 94
0 40
0 10
0 2
0 53
0 91
0 9
0 13
