5
73
21
3
35
92
100
5 98
83 98
64 98
30 69
0 61
69 98
0 28
0 90
0 43
0 40
0 17
18 98
0 47
82 46
0 62
0 11
0 10
0 78
0 9
29 98
0 49
51 46
0 86
0 57
0 44
0 69
0 64
0 74
0 45
0 79
13 98
6 98
29 16
13 49
0 98
0 29
61 98
0 13
0 58
0 41
0 77
0 82
0 81
0 16
79 98
0 52
0 60
0 91
0 53
0 71
46 98
93 98
0 37
0 24
0 25
0 27
0 85
0 39
0 34
0 55
0 96
0 18
0 54
0 66
0 88
0 68
0 94
0 2
0 75
0 76
0 30
0 97
0 22
0 4
0 14
14 98
0 5
0 95
28 7
0 1
0 46
0 6
0 65
0 20
59 98
0 80
0 33
0 72
0 63
0 59
0 7
0 38
0 26
0 15
0 19
0 83
0 31
0 51
0 84
0 50
