5
60
13
28
36
14
100
0 71
92 99
0 57
38 99
9 99
29 59
0 98
0 80
0 6
0 55
0 37
0 86
0 5
0 68
22 33
0 75
0 11
0 9
0 94
0 99
0 20
0 72
0 77
0 49
0 81
0 78
0 58
0 76
0 12
0 2
0 51
0 17
0 41
0 25
0 89
0 96
0 59
0 82
0 24
0 18
0 48
0 1
0 88
0 32
0 8
0 54
0 38
0 56
0 73
0 22
0 27
0 61
0 69
0 29
0 50
0 39
1 10
0 34
0 31
21 59
0 30
0 19
71 99
0 23
0 67
0 42
0 43
0 47
59 99
0 90
82 99
0 87
85 99
0 16
0 65
0 10
0 45
0 97
0 53
0 40
0 62
0 84
0 15
0 3
0 7
0 4
0 93
0 35
0 64
0 85
0 26
0 95
0 70
0 83
0 52
0 33
0 66
0 46
0 63
0 74
