5
70
32
29
72
16
100
80 99
0 26
0 14
0 93
0 66
0 61
0 53
0 36
0 18
0 17
0 60
0 13
0 95
0 48
0 46
0 84
0 20
0 9
0 91
0 57
0 3
0 76
0 47
0 86
0 69
0 55
0 99
0 45
0 59
0 24
0 15
0 11
0 94
0 79
0 80
0 35
0 40
0 25
0 4
0 82
0 22
0 10
0 75
0 38
0 41
0 1
0 90
0 33
39 90
0 30
0 87
0 50
0 73
0 27
0 37
0 23
0 56
0 12
0 89
0 65
0 21
0 74
0 68
0 51
0 64
0 6
0 58
0 2
0 85
0 81
0 67
0 98
0 44
0 71
0 97
0 88
39 27
39 98
39 50
39 43
10 47
39 59
39 55
3 39
18 5
39 21
39 9
24 39
39 60
39 53
39 96
39 48
39 51
39 44
39 62
39 49
39 40
30 39
39 34
39 75
