5
54
49
26
8
46
85
10 39
10 38
10 79
30 43
30 63
87 83
87 63
87 17
40 98
90 94
35 82
11 98
65 76
58 98
74 52
65 3
65 73
1 86
74 62
35 21
35 42
35 37
35 72
59 33
59 48
82 29
82 93
82 77
44 86
45 86
70 96
82 51
91 53
69 47
69 5
69 40
64 3
64 13
85 25
85 22
85 78
21 79
21 4
40 70
93 57
93 55
25 67
62 92
44 1
44 45
44 94
55 61
56 95
57 1
6 11
53 74
6 14
57 84
57 20
58 32
47 28
77 13
71 74
2 7
2 6
2 77
76 47
76 71
76 81
19 53
37 6
79 12
79 45
53 27
95 80
11 28
5 43
88 23
88 13
47 1
39 89
3 31
12 27
73 61
5 73
