5
29
36
40
33
42
100
37 39
46 52
47 50
38 43
47 48
39 43
44 49
50 54
53 60
51 53
52 48
54 60
49 56
55 57
56 57
58 60
58 59
0 1
0 2
0 5
10 12
0 8
10 13
0 7
0 6
0 3
4 7
4 8
1 4
1 5
4 5
4 6
2 4
1 3
3 6
3 7
2 3
5 9
5 8
2 5
5 6
7 9
7 10
7 8
7 11
6 10
6 9
6 8
2 28
1 27
28 30
27 28
18 30
9 10
9 11
8 10
19 20
20 23
8 11
21 23
19 21
17 19
19 22
15 17
23 24
21 24
19 23
20 21
20 22
17 20
18 20
16 20
24 27
24 26
24 25
22 24
25 26
21 22
18 22
22 25
10 11
25 27
12 14
23 25
21 25
26 27
26 30
22 23
8 9
9 12
11 12
11 13
11 14
12 13
12 15
12 16
13 14
13 15
13 16
14 15
