5
3
23
94
59
8
100
0 14
0 6
0 17
0 26
0 45
16 99
17 99
7 21
32 99
12 5
0 21
0 69
49 21
0 10
5 93
0 28
0 46
0 7
0 41
0 18
9 17
0 24
31 10
17 21
6 35
19 18
0 15
0 12
0 13
0 29
0 98
0 31
0 9
0 62
0 67
0 70
0 65
0 25
18 21
0 22
0 66
0 83
0 20
0 63
72 92
72 4
1 57
72 51
33 1
1 86
33 44
33 55
33 4
33 18
33 24
35 21
33 47
33 22
33 76
33 48
80 44
80 78
6 21
80 1
80 12
80 18
93 21
82 12
82 1
53 21
17 84
17 7
17 14
17 81
17 6
17 90
17 36
17 35
17 25
93 87
93 35
36 5
19 30
36 9
36 49
36 61
36 19
36 35
36 18
36 66
36 84
48 66
48 6
48 35
48 18
48 34
63 40
63 20
63 43
6 1
