5
38
85
17
26
96
100
0 20
0 44
0 99
0 37
0 87
0 1
88 99
0 19
0 91
98 99
59 99
0 22
0 29
0 82
0 84
0 57
0 2
3 53
0 34
0 12
0 77
0 10
0 7
53 99
0 24
72 99
0 83
0 28
0 48
0 67
0 55
9 99
0 76
0 27
0 16
0 36
0 65
0 8
0 35
0 66
0 18
77 99
0 6
0 41
0 31
0 62
0 43
0 39
0 88
56 99
0 89
0 11
14 5
0 72
0 69
0 42
3 99
91 99
0 93
5 99
0 25
0 40
0 21
59 55
59 60
59 7
59 32
59 91
94 99
76 60
43 99
59 71
46 60
59 4
59 11
2 99
60 99
59 41
59 68
59 63
59 75
59 84
59 37
59 58
59 29
41 76
59 81
59 54
59 6
59 25
59 27
59 28
59 18
59 9
77 1
59 22
59 31
59 67
59 43
45 99
