5
43
19
68
8
63
100
0 21
0 80
0 57
0 31
0 7
0 13
0 89
0 36
0 59
0 5
0 40
0 33
0 60
0 88
0 62
0 3
0 54
0 45
0 61
0 70
0 94
0 51
0 46
0 10
0 41
0 28
0 65
0 81
0 6
0 17
0 86
0 72
0 73
0 58
0 85
0 55
0 1
0 93
0 83
0 39
0 30
0 42
0 56
0 27
0 97
0 98
0 75
0 11
0 67
0 47
0 12
0 34
0 25
0 35
0 53
0 18
0 71
0 16
0 38
0 95
0 66
0 69
0 9
0 52
0 37
0 4
0 87
0 99
0 26
0 20
0 50
0 32
0 74
0 64
0 84
0 48
0 2
0 96
0 49
0 78
0 24
0 76
0 91
0 23
0 79
0 90
16 17
6 17
3 59
20 34
6 33
6 25
20 38
11 56
12 84
20 53
3 50
25 38
11 42
3 62
