5
15
97
9
72
11
100
0 22
49 99
0 8
0 40
0 95
0 74
0 88
0 54
0 32
0 18
0 51
0 5
0 94
0 23
0 13
0 49
0 29
83 5
83 43
83 46
83 68
83 47
83 70
83 23
33 99
83 2
83 85
83 29
83 67
83 6
27 99
83 89
83 28
83 91
83 26
83 25
83 51
83 58
83 14
83 96
83 54
83 24
83 75
81 48
90 34
90 85
90 33
90 36
90 2
90 31
90 16
62 99
90 3
90 78
90 49
90 21
90 19
28 99
89 67
90 13
90 93
90 62
90 28
90 35
90 30
90 40
90 32
67 99
90 43
90 64
90 14
5 55
5 4
5 37
5 30
5 47
5 48
5 67
5 16
5 21
5 8
5 81
5 33
5 62
5 17
5 87
44 47
44 82
44 87
44 34
44 25
44 53
44 73
44 26
44 65
44 99
44 40
44 78
44 81
44 4
