5
2
32
16
47
20
100
75 84
0 30
84 95
0 42
0 45
0 94
0 41
0 28
0 43
0 6
0 75
0 23
0 12
0 26
56 95
9 30
0 25
0 35
0 81
9 94
22 58
0 48
0 66
0 36
0 13
0 37
0 17
30 95
0 68
0 38
0 1
0 7
0 51
0 69
0 18
0 8
0 21
22 95
0 29
0 58
92 95
0 89
9 95
0 73
0 40
0 24
18 95
0 15
0 67
0 63
0 31
0 52
0 5
0 55
0 79
79 95
0 95
0 49
0 71
0 19
19 95
0 3
0 4
0 90
0 70
0 39
0 57
0 33
0 60
0 74
0 91
0 11
0 59
0 77
0 87
0 46
0 78
0 80
0 64
0 85
0 34
0 61
0 10
0 56
48 95
0 65
0 72
77 95
0 50
0 88
34 43
0 44
0 22
0 83
0 86
74 95
0 84
0 9
0 82
0 76
