5
2
4
5
49
53
100
0 19
0 13
0 14
0 35
0 87
0 36
34 93
54 85
0 11
0 69
0 33
0 74
0 51
0 52
0 71
0 67
0 68
0 59
0 39
0 44
0 90
0 8
0 93
0 82
0 42
0 24
0 40
0 48
0 37
0 17
0 58
0 18
23 93
0 1
0 86
0 56
0 15
0 41
0 75
0 57
0 30
0 32
0 64
0 16
0 9
0 81
0 83
0 60
0 66
54 93
0 63
0 72
0 76
0 91
0 22
0 50
0 25
0 78
0 12
0 21
0 27
0 54
0 7
0 6
0 3
0 20
67 93
0 79
0 28
0 77
0 70
89 93
0 80
0 23
0 88
0 47
0 89
0 73
0 62
0 92
0 85
0 61
0 26
0 43
0 38
0 84
0 29
0 10
0 65
0 34
0 45
0 31
0 46
20 55
20 75
55 81
6 28
20 62
44 55
18 22
