5
87
24
19
67
12
100
0 14
39 94
0 47
0 42
0 82
0 55
0 32
0 29
0 90
0 77
0 43
0 81
0 71
38 94
0 63
0 26
0 93
0 60
0 79
0 66
3 94
0 17
0 23
0 91
0 61
0 21
0 92
0 46
0 80
0 8
0 48
0 34
0 10
0 72
0 45
29 94
0 25
84 94
6 94
0 36
74 94
0 57
41 94
0 44
0 85
9 94
0 38
0 76
1 94
0 39
0 53
17 13
25 94
0 52
0 49
62 94
0 3
0 15
0 89
13 94
0 18
70 94
73 94
69 94
91 15
0 41
0 58
0 7
0 11
0 20
0 86
0 62
0 65
0 51
0 64
0 94
0 9
0 30
0 2
0 59
0 70
0 22
15 94
0 84
0 56
71 94
0 1
0 50
0 37
0 74
86 94
17 94
0 13
0 33
0 68
0 40
0 5
0 73
0 31
0 83
