5
27
40
17
32
6
100
0 47
0 72
0 5
0 9
0 67
0 97
0 24
0 84
0 20
0 44
0 29
0 36
0 43
0 74
0 71
0 75
0 59
0 25
0 95
0 12
0 77
0 78
0 26
0 73
0 53
0 70
41 99
34 99
0 48
0 91
0 88
0 86
0 35
0 18
0 89
0 34
0 81
0 93
0 8
26 63
65 63
0 7
65 41
7 65
65 49
65 79
26 96
65 61
36 39
65 28
44 53
53 65
65 54
65 4
65 89
65 58
26 56
65 22
65 80
44 70
65 88
65 93
48 65
65 70
8 29
8 30
20 33
65 30
24 65
65 16
65 69
65 57
29 33
29 65
26 65
35 72
65 75
36 65
65 62
65 97
35 65
65 90
65 67
65 21
99 90
65 45
65 11
65 52
39 99
9 20
36 46
29 3
99 52
59 65
65 46
20 86
65 98
99 16
26 76
26 38
