5
69
19
2
37
61
100
0 58
99 60
99 48
99 23
99 79
0 92
0 88
0 98
0 93
0 18
0 7
99 49
0 1
0 15
0 12
0 22
0 20
0 23
0 99
0 62
0 67
99 78
0 47
0 63
99 20
0 71
0 30
0 84
0 34
0 38
0 9
0 39
0 57
0 6
0 26
0 31
0 95
0 72
0 14
0 33
0 5
99 77
0 44
0 25
0 75
0 4
0 94
6 99
27 97
58 11
27 29
27 13
27 84
27 55
99 76
27 89
27 14
27 23
27 80
27 38
27 72
27 39
27 42
58 44
27 7
27 16
27 65
27 11
27 34
27 81
27 70
27 45
27 82
27 88
27 78
27 21
27 92
27 62
27 98
27 48
27 33
27 63
27 28
27 18
27 52
27 9
27 36
26 27
27 44
27 90
27 40
27 59
27 25
99 15
27 17
99 90
99 87
99 83
58 34
58 52
