5
2
31
3
78
77
100
0 79
55 52
1 79
52 50
24 7
72 50
0 26
0 74
26 68
58 71
0 30
61 74
0 37
0 64
0 29
0 66
74 68
30 68
0 34
0 73
0 24
0 25
0 19
0 46
0 58
0 48
0 42
0 60
0 28
0 53
0 16
0 49
0 15
4 1
53 22
0 69
0 18
0 70
0 20
0 33
0 14
0 44
0 5
0 32
0 17
0 8
0 21
0 71
35 40
35 8
56 23
71 76
71 62
71 65
14 1
14 25
10 6
10 1
10 9
33 53
33 4
48 1
48 73
43 1
43 28
4 18
4 27
43 51
62 4
62 27
62 59
62 17
62 13
45 21
76 69
76 47
76 20
29 65
34 1
34 55
51 4
51 57
66 19
53 1
66 49
66 73
39 6
53 18
66 53
25 39
25 57
70 67
70 69
70 4
70 1
72 1
72 60
72 64
32 37
26 1
