5
10
45
74
29
14
100
0 20
0 36
0 89
0 62
0 97
0 50
0 77
0 91
0 52
0 68
0 59
0 96
0 44
0 38
0 9
0 71
0 46
0 81
0 13
0 66
0 86
0 3
0 12
0 15
0 84
0 60
0 6
0 65
0 33
0 30
0 34
0 72
0 23
0 87
0 47
0 26
0 41
0 63
0 51
0 79
0 8
0 56
0 7
0 67
0 69
0 83
0 70
0 42
54 72
12 25
54 57
34 78
23 48
12 30
34 82
54 85
54 4
8 33
52 63
54 73
8 54
9 54
23 54
54 40
54 78
33 71
54 17
54 56
54 68
54 70
54 80
54 79
33 54
15 54
54 96
54 77
20 54
23 22
24 99
8 55
54 22
54 32
54 98
54 99
54 19
54 62
54 24
50 54
54 43
54 66
46 54
54 25
51 18
54 18
54 63
54 28
67 35
79 21
20 35
70 35
