5
90
21
31
35
45
100
99 75
0 93
0 52
0 87
0 32
0 69
11 70
0 79
0 7
99 42
0 61
0 86
0 23
99 78
0 19
0 54
0 24
0 14
0 99
0 59
38 62
0 84
38 99
0 72
0 71
0 88
0 91
0 25
0 20
0 4
0 77
0 47
0 57
33 99
92 99
0 39
0 22
39 99
0 33
18 99
0 58
0 67
0 3
0 17
99 73
0 65
0 37
0 98
0 30
0 12
7 12
0 49
0 34
0 81
0 50
0 83
0 97
0 27
0 26
0 64
0 70
0 92
0 40
0 60
40 7
0 68
0 2
0 74
0 38
0 80
7 99
0 18
0 55
0 11
0 94
0 8
0 46
0 89
0 15
0 13
0 16
0 36
36 33
94 20
36 41
41 56
80 99
94 41
32 53
41 12
41 53
41 82
41 88
50 29
41 14
54 99
32 61
97 99
41 33
64 20
