5
21
28
27
67
23
100
0 9
0 68
0 84
0 91
0 58
0 36
0 72
0 4
0 37
0 31
0 13
0 57
0 76
0 79
0 69
0 94
0 12
0 44
0 19
0 34
0 75
0 59
0 66
0 61
0 63
0 51
0 10
0 85
0 39
0 40
0 53
0 18
0 15
0 70
0 17
0 64
0 46
0 93
0 50
0 78
0 60
0 87
0 20
0 90
0 11
72 96
0 41
0 95
0 3
0 92
0 47
0 35
0 54
0 32
53 63
3 64
3 74
74 93
68 26
66 24
53 78
68 56
47 45
10 63
61 63
74 26
4 5
63 7
51 26
63 8
63 43
18 46
18 47
31 92
66 62
17 47
47 30
47 53
15 52
68 49
4 12
74 80
11 17
58 6
41 49
74 6
94 81
59 63
47 74
10 68
32 74
63 74
57 92
68 65
31 86
68 74
31 93
74 56
74 94
57 74
