5
20
32
6
36
7
100
0 40
0 69
0 38
0 4
0 11
0 46
0 60
73 74
0 58
0 1
0 48
0 61
0 73
0 15
0 21
0 62
0 53
0 55
0 64
15 74
0 51
0 33
0 10
0 44
0 17
0 24
28 74
0 8
0 35
0 23
0 43
0 13
0 29
0 54
0 12
0 28
0 56
0 68
0 18
0 26
0 71
43 74
66 74
0 25
0 72
0 5
0 34
0 41
0 59
0 67
0 45
0 65
0 31
46 74
0 49
0 70
0 37
0 14
0 47
0 22
0 66
0 27
0 2
0 42
0 74
0 16
0 9
0 39
0 19
0 63
0 52
0 57
0 3
0 30
44 50
16 47
50 68
35 50
1 17
50 58
38 46
16 71
14 44
8 48
44 74
45 54
54 74
50 53
1 39
50 69
50 65
5 58
71 74
27 50
58 74
33 50
33 47
17 64
19 27
4 26
