0
98
0 99
43 45
36 38
62 64
57 59
81 83
20 22
68 70
19 21
18 20
52 53
54 56
30 32
45 47
44 46
94 96
95 97
56 58
71 73
12 14
37 38
39 41
39 40
40 41
42 44
78 80
77 79
71 72
69 70
1 3
2 4
3 5
0 2
4 5
6 8
7 9
8 10
96 98
46 48
47 49
48 50
53 55
72 74
73 75
74 76
75 76
77 78
13 15
14 16
15 17
16 18
17 19
35 37
31 32
35 36
33 34
33 32
42 43
9 11
10 12
11 13
6 7
63 64
65 67
66 68
67 69
65 64
58 60
59 61
60 62
61 63
49 50
51 53
51 52
55 56
29 31
29 30
26 28
21 23
27 29
22 24
23 25
24 26
25 27
93 95
92 94
91 93
86 88
85 87
87 89
88 90
89 91
90 92
79 81
80 82
82 84
83 85
84 86
