5
61
47
53
30
50
100
0 37
0 78
0 74
0 76
0 71
0 82
0 36
0 57
0 23
0 13
0 33
0 21
0 31
0 1
0 68
82 38
17 69
82 29
82 44
82 80
82 74
82 56
82 24
82 13
82 72
82 16
82 23
82 41
82 75
82 54
82 81
1 82
82 78
21 10
21 36
21 82
82 64
1 7
70 69
69 48
7 20
7 51
7 24
7 29
7 80
7 69
7 12
69 9
7 6
7 38
21 7
7 8
7 70
2 12
7 9
7 22
2 7
7 28
7 10
7 76
7 67
7 34
57 7
23 79
54 23
17 54
17 55
17 65
23 69
44 41
21 34
34 23
1 71
23 44
54 55
44 43
44 9
75 22
65 55
12 20
44 80
44 51
12 58
12 44
54 74
54 48
3 4
37 10
44 58
8 69
44 10
3 44
54 75
65 44
75 29
75 44
4 55
44 45
79 48
21 28
